This file contains any messages produced by compilers while
running configure, to aid debugging if configure makes a mistake.

It was created by transmission configure 2.84+, which was
generated by GNU Autoconf 2.69.  Invocation command line was

  $ ./configure --enable-cli --enable-daemon --with-systemd-daemon

## --------- ##
## Platform. ##
## --------- ##

hostname = dl26
uname -m = x86_64
uname -r = 3.14.32-xxxx-grs-ipv6-64
uname -s = Linux
uname -v = #7 SMP Wed Jan 27 18:05:09 CET 2016

/usr/bin/uname -p = unknown
/bin/uname -X     = unknown

/bin/arch              = unknown
/usr/bin/arch -k       = unknown
/usr/convex/getsysinfo = unknown
/usr/bin/hostinfo      = unknown
/bin/machine           = unknown
/usr/bin/oslevel       = unknown
/bin/universe          = unknown

PATH: /usr/local/sbin
PATH: /usr/local/bin
PATH: /usr/sbin
PATH: /usr/bin
PATH: /sbin
PATH: /bin


## ----------- ##
## Core tests. ##
## ----------- ##

configure:2626: checking whether make supports nested variables
configure:2643: result: yes
configure:2703: checking for a BSD-compatible install
configure:2771: result: /usr/bin/install -c
configure:2782: checking whether build environment is sane
configure:2837: result: yes
configure:2988: checking for a thread-safe mkdir -p
configure:3027: result: /bin/mkdir -p
configure:3034: checking for gawk
configure:3064: result: no
configure:3034: checking for mawk
configure:3050: found /usr/bin/mawk
configure:3061: result: mawk
configure:3072: checking whether make sets $(MAKE)
configure:3094: result: yes
configure:3180: checking how to create a pax tar archive
configure:3191: tar --version
tar (GNU tar) 1.27.1
Copyright (C) 2013 Free Software Foundation, Inc.
License GPLv3+: GNU GPL version 3 or later <http://gnu.org/licenses/gpl.html>.
This is free software: you are free to change and redistribute it.
There is NO WARRANTY, to the extent permitted by law.

Written by John Gilmore and Jay Fenlason.
configure:3194: $? = 0
configure:3234: tardir=conftest.dir && eval tar --format=posix -chf - "$tardir" >conftest.tar
configure:3237: $? = 0
configure:3241: tar -xf - <conftest.tar
configure:3244: $? = 0
configure:3246: cat conftest.dir/file
GrepMe
configure:3249: $? = 0
configure:3262: result: gnutar
configure:3340: checking build system type
configure:3354: result: x86_64-unknown-linux-gnu
configure:3374: checking host system type
configure:3387: result: x86_64-unknown-linux-gnu
configure:3428: checking how to print strings
configure:3455: result: printf
configure:3488: checking for style of include used by make
configure:3516: result: GNU
configure:3587: checking for gcc
configure:3603: found /usr/bin/gcc
configure:3614: result: gcc
configure:3843: checking for C compiler version
configure:3852: gcc --version >&5
gcc (Debian 4.9.2-10) 4.9.2
Copyright (C) 2014 Free Software Foundation, Inc.
This is free software; see the source for copying conditions.  There is NO
warranty; not even for MERCHANTABILITY or FITNESS FOR A PARTICULAR PURPOSE.

configure:3863: $? = 0
configure:3852: gcc -v >&5
Using built-in specs.
COLLECT_GCC=gcc
COLLECT_LTO_WRAPPER=/usr/lib/gcc/x86_64-linux-gnu/4.9/lto-wrapper
Target: x86_64-linux-gnu
Configured with: ../src/configure -v --with-pkgversion='Debian 4.9.2-10' --with-bugurl=file:///usr/share/doc/gcc-4.9/README.Bugs --enable-languages=c,c++,java,go,d,fortran,objc,obj-c++ --prefix=/usr --program-suffix=-4.9 --enable-shared --enable-linker-build-id --libexecdir=/usr/lib --without-included-gettext --enable-threads=posix --with-gxx-include-dir=/usr/include/c++/4.9 --libdir=/usr/lib --enable-nls --with-sysroot=/ --enable-clocale=gnu --enable-libstdcxx-debug --enable-libstdcxx-time=yes --enable-gnu-unique-object --disable-vtable-verify --enable-plugin --with-system-zlib --disable-browser-plugin --enable-java-awt=gtk --enable-gtk-cairo --with-java-home=/usr/lib/jvm/java-1.5.0-gcj-4.9-amd64/jre --enable-java-home --with-jvm-root-dir=/usr/lib/jvm/java-1.5.0-gcj-4.9-amd64 --with-jvm-jar-dir=/usr/lib/jvm-exports/java-1.5.0-gcj-4.9-amd64 --with-arch-directory=amd64 --with-ecj-jar=/usr/share/java/eclipse-ecj.jar --enable-objc-gc --enable-multiarch --with-arch-32=i586 --with-abi=m64 --with-multilib-list=m32,m64,mx32 --enable-multilib --with-tune=generic --enable-checking=release --build=x86_64-linux-gnu --host=x86_64-linux-gnu --target=x86_64-linux-gnu
Thread model: posix
gcc version 4.9.2 (Debian 4.9.2-10) 
configure:3863: $? = 0
configure:3852: gcc -V >&5
gcc: error: unrecognized command line option '-V'
gcc: fatal error: no input files
compilation terminated.
configure:3863: $? = 4
configure:3852: gcc -qversion >&5
gcc: error: unrecognized command line option '-qversion'
gcc: fatal error: no input files
compilation terminated.
configure:3863: $? = 4
configure:3883: checking whether the C compiler works
configure:3905: gcc    conftest.c  >&5
configure:3909: $? = 0
configure:3957: result: yes
configure:3960: checking for C compiler default output file name
configure:3962: result: a.out
configure:3968: checking for suffix of executables
configure:3975: gcc -o conftest    conftest.c  >&5
configure:3979: $? = 0
configure:4001: result: 
configure:4023: checking whether we are cross compiling
configure:4031: gcc -o conftest    conftest.c  >&5
configure:4035: $? = 0
configure:4042: ./conftest
configure:4046: $? = 0
configure:4061: result: no
configure:4066: checking for suffix of object files
configure:4088: gcc -c   conftest.c >&5
configure:4092: $? = 0
configure:4113: result: o
configure:4117: checking whether we are using the GNU C compiler
configure:4136: gcc -c   conftest.c >&5
configure:4136: $? = 0
configure:4145: result: yes
configure:4154: checking whether gcc accepts -g
configure:4174: gcc -c -g  conftest.c >&5
configure:4174: $? = 0
configure:4215: result: yes
configure:4232: checking for gcc option to accept ISO C89
configure:4295: gcc  -c -g -O2  conftest.c >&5
configure:4295: $? = 0
configure:4308: result: none needed
configure:4333: checking whether gcc understands -c and -o together
configure:4355: gcc -c conftest.c -o conftest2.o
configure:4358: $? = 0
configure:4355: gcc -c conftest.c -o conftest2.o
configure:4358: $? = 0
configure:4370: result: yes
configure:4389: checking dependency style of gcc
configure:4500: result: gcc3
configure:4515: checking for a sed that does not truncate output
configure:4579: result: /bin/sed
configure:4597: checking for grep that handles long lines and -e
configure:4655: result: /bin/grep
configure:4660: checking for egrep
configure:4722: result: /bin/grep -E
configure:4727: checking for fgrep
configure:4789: result: /bin/grep -F
configure:4824: checking for ld used by gcc
configure:4891: result: /usr/bin/ld
configure:4898: checking if the linker (/usr/bin/ld) is GNU ld
configure:4913: result: yes
configure:4925: checking for BSD- or MS-compatible name lister (nm)
configure:4974: result: /usr/bin/nm -B
configure:5104: checking the name lister (/usr/bin/nm -B) interface
configure:5111: gcc -c -g -O2  conftest.c >&5
configure:5114: /usr/bin/nm -B "conftest.o"
configure:5117: output
0000000000000000 B some_variable
configure:5124: result: BSD nm
configure:5127: checking whether ln -s works
configure:5131: result: yes
configure:5139: checking the maximum length of command line arguments
configure:5270: result: 1572864
configure:5287: checking whether the shell understands some XSI constructs
configure:5297: result: yes
configure:5301: checking whether the shell understands "+="
configure:5307: result: yes
configure:5342: checking how to convert x86_64-unknown-linux-gnu file names to x86_64-unknown-linux-gnu format
configure:5382: result: func_convert_file_noop
configure:5389: checking how to convert x86_64-unknown-linux-gnu file names to toolchain format
configure:5409: result: func_convert_file_noop
configure:5416: checking for /usr/bin/ld option to reload object files
configure:5423: result: -r
configure:5497: checking for objdump
configure:5513: found /usr/bin/objdump
configure:5524: result: objdump
configure:5556: checking how to recognize dependent libraries
configure:5754: result: pass_all
configure:5839: checking for dlltool
configure:5869: result: no
configure:5899: checking how to associate runtime and link libraries
configure:5926: result: printf %s\n
configure:5987: checking for ar
configure:6003: found /usr/bin/ar
configure:6014: result: ar
configure:6051: checking for archiver @FILE support
configure:6068: gcc -c -g -O2  conftest.c >&5
configure:6068: $? = 0
configure:6071: ar cru libconftest.a @conftest.lst >&5
configure:6074: $? = 0
configure:6079: ar cru libconftest.a @conftest.lst >&5
ar: conftest.o: No such file or directory
configure:6082: $? = 1
configure:6094: result: @
configure:6152: checking for strip
configure:6168: found /usr/bin/strip
configure:6179: result: strip
configure:6251: checking for ranlib
configure:6267: found /usr/bin/ranlib
configure:6278: result: ranlib
configure:6380: checking command to parse /usr/bin/nm -B output from gcc object
configure:6500: gcc -c -g -O2  conftest.c >&5
configure:6503: $? = 0
configure:6507: /usr/bin/nm -B conftest.o \| sed -n -e 's/^.*[ ]\([ABCDGIRSTW][ABCDGIRSTW]*\)[ ][ ]*\([_A-Za-z][_A-Za-z0-9]*\)$/\1 \2 \2/p' | sed '/ __gnu_lto/d' \> conftest.nm
configure:6510: $? = 0
configure:6576: gcc -o conftest -g -O2   conftest.c conftstm.o >&5
configure:6579: $? = 0
configure:6617: result: ok
configure:6654: checking for sysroot
configure:6684: result: no
configure:6761: gcc -c -g -O2  conftest.c >&5
configure:6764: $? = 0
configure:6953: checking for mt
configure:6969: found /bin/mt
configure:6980: result: mt
configure:7003: checking if mt is a manifest tool
configure:7009: mt '-?'
configure:7017: result: no
configure:7659: checking how to run the C preprocessor
configure:7690: gcc -E  conftest.c
configure:7690: $? = 0
configure:7704: gcc -E  conftest.c
conftest.c:11:28: fatal error: ac_nonexistent.h: No such file or directory
 #include <ac_nonexistent.h>
                            ^
compilation terminated.
configure:7704: $? = 1
configure: failed program was:
| /* confdefs.h */
| #define PACKAGE_NAME "transmission"
| #define PACKAGE_TARNAME "transmission"
| #define PACKAGE_VERSION "2.84+"
| #define PACKAGE_STRING "transmission 2.84+"
| #define PACKAGE_BUGREPORT "http://trac.transmissionbt.com/newticket"
| #define PACKAGE_URL ""
| #define PACKAGE "transmission"
| #define VERSION "2.84+"
| /* end confdefs.h.  */
| #include <ac_nonexistent.h>
configure:7729: result: gcc -E
configure:7749: gcc -E  conftest.c
configure:7749: $? = 0
configure:7763: gcc -E  conftest.c
conftest.c:11:28: fatal error: ac_nonexistent.h: No such file or directory
 #include <ac_nonexistent.h>
                            ^
compilation terminated.
configure:7763: $? = 1
configure: failed program was:
| /* confdefs.h */
| #define PACKAGE_NAME "transmission"
| #define PACKAGE_TARNAME "transmission"
| #define PACKAGE_VERSION "2.84+"
| #define PACKAGE_STRING "transmission 2.84+"
| #define PACKAGE_BUGREPORT "http://trac.transmissionbt.com/newticket"
| #define PACKAGE_URL ""
| #define PACKAGE "transmission"
| #define VERSION "2.84+"
| /* end confdefs.h.  */
| #include <ac_nonexistent.h>
configure:7792: checking for ANSI C header files
configure:7812: gcc -c -g -O2  conftest.c >&5
configure:7812: $? = 0
configure:7885: gcc -o conftest -g -O2   conftest.c  >&5
configure:7885: $? = 0
configure:7885: ./conftest
configure:7885: $? = 0
configure:7896: result: yes
configure:7909: checking for sys/types.h
configure:7909: gcc -c -g -O2  conftest.c >&5
configure:7909: $? = 0
configure:7909: result: yes
configure:7909: checking for sys/stat.h
configure:7909: gcc -c -g -O2  conftest.c >&5
configure:7909: $? = 0
configure:7909: result: yes
configure:7909: checking for stdlib.h
configure:7909: gcc -c -g -O2  conftest.c >&5
configure:7909: $? = 0
configure:7909: result: yes
configure:7909: checking for string.h
configure:7909: gcc -c -g -O2  conftest.c >&5
configure:7909: $? = 0
configure:7909: result: yes
configure:7909: checking for memory.h
configure:7909: gcc -c -g -O2  conftest.c >&5
configure:7909: $? = 0
configure:7909: result: yes
configure:7909: checking for strings.h
configure:7909: gcc -c -g -O2  conftest.c >&5
configure:7909: $? = 0
configure:7909: result: yes
configure:7909: checking for inttypes.h
configure:7909: gcc -c -g -O2  conftest.c >&5
configure:7909: $? = 0
configure:7909: result: yes
configure:7909: checking for stdint.h
configure:7909: gcc -c -g -O2  conftest.c >&5
configure:7909: $? = 0
configure:7909: result: yes
configure:7909: checking for unistd.h
configure:7909: gcc -c -g -O2  conftest.c >&5
configure:7909: $? = 0
configure:7909: result: yes
configure:7923: checking for dlfcn.h
configure:7923: gcc -c -g -O2  conftest.c >&5
configure:7923: $? = 0
configure:7923: result: yes
configure:8129: checking for objdir
configure:8144: result: .libs
configure:8415: checking if gcc supports -fno-rtti -fno-exceptions
configure:8433: gcc -c -g -O2  -fno-rtti -fno-exceptions conftest.c >&5
cc1: warning: command line option '-fno-rtti' is valid for C++/ObjC++ but not for C
configure:8437: $? = 0
configure:8450: result: no
configure:8777: checking for gcc option to produce PIC
configure:8784: result: -fPIC -DPIC
configure:8792: checking if gcc PIC flag -fPIC -DPIC works
configure:8810: gcc -c -g -O2  -fPIC -DPIC -DPIC conftest.c >&5
configure:8814: $? = 0
configure:8827: result: yes
configure:8856: checking if gcc static flag -static works
configure:8884: result: yes
configure:8899: checking if gcc supports -c -o file.o
configure:8920: gcc -c -g -O2  -o out/conftest2.o conftest.c >&5
configure:8924: $? = 0
configure:8946: result: yes
configure:8954: checking if gcc supports -c -o file.o
configure:9001: result: yes
configure:9034: checking whether the gcc linker (/usr/bin/ld -m elf_x86_64) supports shared libraries
configure:10191: result: yes
configure:10228: checking whether -lc should be explicitly linked in
configure:10236: gcc -c -g -O2  conftest.c >&5
configure:10239: $? = 0
configure:10254: gcc -shared  -fPIC -DPIC conftest.o  -v -Wl,-soname -Wl,conftest -o conftest 2\>\&1 \| /bin/grep  -lc  \>/dev/null 2\>\&1
configure:10257: $? = 0
configure:10271: result: no
configure:10431: checking dynamic linker characteristics
configure:10931: gcc -o conftest -g -O2   -Wl,-rpath -Wl,/foo conftest.c  >&5
configure:10931: $? = 0
configure:11165: result: GNU/Linux ld.so
configure:11272: checking how to hardcode library paths into programs
configure:11297: result: immediate
configure:11837: checking whether stripping libraries is possible
configure:11842: result: yes
configure:11877: checking if libtool supports shared libraries
configure:11879: result: yes
configure:11882: checking whether to build shared libraries
configure:11903: result: yes
configure:11906: checking whether to build static libraries
configure:11910: result: yes
configure:12035: checking for cos in -lm
configure:12060: gcc -o conftest -g -O2   conftest.c -lm   >&5
conftest.c:30:6: warning: conflicting types for built-in function 'cos'
 char cos ();
      ^
configure:12060: $? = 0
configure:12069: result: yes
configure:12200: checking for gcc
configure:12227: result: gcc
configure:12456: checking for C compiler version
configure:12465: gcc --version >&5
gcc (Debian 4.9.2-10) 4.9.2
Copyright (C) 2014 Free Software Foundation, Inc.
This is free software; see the source for copying conditions.  There is NO
warranty; not even for MERCHANTABILITY or FITNESS FOR A PARTICULAR PURPOSE.

configure:12476: $? = 0
configure:12465: gcc -v >&5
Using built-in specs.
COLLECT_GCC=gcc
COLLECT_LTO_WRAPPER=/usr/lib/gcc/x86_64-linux-gnu/4.9/lto-wrapper
Target: x86_64-linux-gnu
Configured with: ../src/configure -v --with-pkgversion='Debian 4.9.2-10' --with-bugurl=file:///usr/share/doc/gcc-4.9/README.Bugs --enable-languages=c,c++,java,go,d,fortran,objc,obj-c++ --prefix=/usr --program-suffix=-4.9 --enable-shared --enable-linker-build-id --libexecdir=/usr/lib --without-included-gettext --enable-threads=posix --with-gxx-include-dir=/usr/include/c++/4.9 --libdir=/usr/lib --enable-nls --with-sysroot=/ --enable-clocale=gnu --enable-libstdcxx-debug --enable-libstdcxx-time=yes --enable-gnu-unique-object --disable-vtable-verify --enable-plugin --with-system-zlib --disable-browser-plugin --enable-java-awt=gtk --enable-gtk-cairo --with-java-home=/usr/lib/jvm/java-1.5.0-gcj-4.9-amd64/jre --enable-java-home --with-jvm-root-dir=/usr/lib/jvm/java-1.5.0-gcj-4.9-amd64 --with-jvm-jar-dir=/usr/lib/jvm-exports/java-1.5.0-gcj-4.9-amd64 --with-arch-directory=amd64 --with-ecj-jar=/usr/share/java/eclipse-ecj.jar --enable-objc-gc --enable-multiarch --with-arch-32=i586 --with-abi=m64 --with-multilib-list=m32,m64,mx32 --enable-multilib --with-tune=generic --enable-checking=release --build=x86_64-linux-gnu --host=x86_64-linux-gnu --target=x86_64-linux-gnu
Thread model: posix
gcc version 4.9.2 (Debian 4.9.2-10) 
configure:12476: $? = 0
configure:12465: gcc -V >&5
gcc: error: unrecognized command line option '-V'
gcc: fatal error: no input files
compilation terminated.
configure:12476: $? = 4
configure:12465: gcc -qversion >&5
gcc: error: unrecognized command line option '-qversion'
gcc: fatal error: no input files
compilation terminated.
configure:12476: $? = 4
configure:12480: checking whether we are using the GNU C compiler
configure:12508: result: yes
configure:12517: checking whether gcc accepts -g
configure:12578: result: yes
configure:12595: checking for gcc option to accept ISO C89
configure:12671: result: none needed
configure:12696: checking whether gcc understands -c and -o together
configure:12733: result: yes
configure:12752: checking dependency style of gcc
configure:12863: result: gcc3
configure:12936: checking for g++
configure:12952: found /usr/bin/g++
configure:12963: result: g++
configure:12990: checking for C++ compiler version
configure:12999: g++ --version >&5
g++ (Debian 4.9.2-10) 4.9.2
Copyright (C) 2014 Free Software Foundation, Inc.
This is free software; see the source for copying conditions.  There is NO
warranty; not even for MERCHANTABILITY or FITNESS FOR A PARTICULAR PURPOSE.

configure:13010: $? = 0
configure:12999: g++ -v >&5
Using built-in specs.
COLLECT_GCC=g++
COLLECT_LTO_WRAPPER=/usr/lib/gcc/x86_64-linux-gnu/4.9/lto-wrapper
Target: x86_64-linux-gnu
Configured with: ../src/configure -v --with-pkgversion='Debian 4.9.2-10' --with-bugurl=file:///usr/share/doc/gcc-4.9/README.Bugs --enable-languages=c,c++,java,go,d,fortran,objc,obj-c++ --prefix=/usr --program-suffix=-4.9 --enable-shared --enable-linker-build-id --libexecdir=/usr/lib --without-included-gettext --enable-threads=posix --with-gxx-include-dir=/usr/include/c++/4.9 --libdir=/usr/lib --enable-nls --with-sysroot=/ --enable-clocale=gnu --enable-libstdcxx-debug --enable-libstdcxx-time=yes --enable-gnu-unique-object --disable-vtable-verify --enable-plugin --with-system-zlib --disable-browser-plugin --enable-java-awt=gtk --enable-gtk-cairo --with-java-home=/usr/lib/jvm/java-1.5.0-gcj-4.9-amd64/jre --enable-java-home --with-jvm-root-dir=/usr/lib/jvm/java-1.5.0-gcj-4.9-amd64 --with-jvm-jar-dir=/usr/lib/jvm-exports/java-1.5.0-gcj-4.9-amd64 --with-arch-directory=amd64 --with-ecj-jar=/usr/share/java/eclipse-ecj.jar --enable-objc-gc --enable-multiarch --with-arch-32=i586 --with-abi=m64 --with-multilib-list=m32,m64,mx32 --enable-multilib --with-tune=generic --enable-checking=release --build=x86_64-linux-gnu --host=x86_64-linux-gnu --target=x86_64-linux-gnu
Thread model: posix
gcc version 4.9.2 (Debian 4.9.2-10) 
configure:13010: $? = 0
configure:12999: g++ -V >&5
g++: error: unrecognized command line option '-V'
g++: fatal error: no input files
compilation terminated.
configure:13010: $? = 4
configure:12999: g++ -qversion >&5
g++: error: unrecognized command line option '-qversion'
g++: fatal error: no input files
compilation terminated.
configure:13010: $? = 4
configure:13014: checking whether we are using the GNU C++ compiler
configure:13033: g++ -c  -g -O0  conftest.cpp >&5
configure:13033: $? = 0
configure:13042: result: yes
configure:13051: checking whether g++ accepts -g
configure:13071: g++ -c -g  conftest.cpp >&5
configure:13071: $? = 0
configure:13112: result: yes
configure:13137: checking dependency style of g++
configure:13248: result: gcc3
configure:13281: checking how to run the C++ preprocessor
configure:13308: g++ -E  conftest.cpp
configure:13308: $? = 0
configure:13322: g++ -E  conftest.cpp
conftest.cpp:23:28: fatal error: ac_nonexistent.h: No such file or directory
 #include <ac_nonexistent.h>
                            ^
compilation terminated.
configure:13322: $? = 1
configure: failed program was:
| /* confdefs.h */
| #define PACKAGE_NAME "transmission"
| #define PACKAGE_TARNAME "transmission"
| #define PACKAGE_VERSION "2.84+"
| #define PACKAGE_STRING "transmission 2.84+"
| #define PACKAGE_BUGREPORT "http://trac.transmissionbt.com/newticket"
| #define PACKAGE_URL ""
| #define PACKAGE "transmission"
| #define VERSION "2.84+"
| #define STDC_HEADERS 1
| #define HAVE_SYS_TYPES_H 1
| #define HAVE_SYS_STAT_H 1
| #define HAVE_STDLIB_H 1
| #define HAVE_STRING_H 1
| #define HAVE_MEMORY_H 1
| #define HAVE_STRINGS_H 1
| #define HAVE_INTTYPES_H 1
| #define HAVE_STDINT_H 1
| #define HAVE_UNISTD_H 1
| #define HAVE_DLFCN_H 1
| #define LT_OBJDIR ".libs/"
| /* end confdefs.h.  */
| #include <ac_nonexistent.h>
configure:13347: result: g++ -E
configure:13367: g++ -E  conftest.cpp
configure:13367: $? = 0
configure:13381: g++ -E  conftest.cpp
conftest.cpp:23:28: fatal error: ac_nonexistent.h: No such file or directory
 #include <ac_nonexistent.h>
                            ^
compilation terminated.
configure:13381: $? = 1
configure: failed program was:
| /* confdefs.h */
| #define PACKAGE_NAME "transmission"
| #define PACKAGE_TARNAME "transmission"
| #define PACKAGE_VERSION "2.84+"
| #define PACKAGE_STRING "transmission 2.84+"
| #define PACKAGE_BUGREPORT "http://trac.transmissionbt.com/newticket"
| #define PACKAGE_URL ""
| #define PACKAGE "transmission"
| #define VERSION "2.84+"
| #define STDC_HEADERS 1
| #define HAVE_SYS_TYPES_H 1
| #define HAVE_SYS_STAT_H 1
| #define HAVE_STDLIB_H 1
| #define HAVE_STRING_H 1
| #define HAVE_MEMORY_H 1
| #define HAVE_STRINGS_H 1
| #define HAVE_INTTYPES_H 1
| #define HAVE_STDINT_H 1
| #define HAVE_UNISTD_H 1
| #define HAVE_DLFCN_H 1
| #define LT_OBJDIR ".libs/"
| /* end confdefs.h.  */
| #include <ac_nonexistent.h>
configure:13550: checking for ld used by g++
configure:13617: result: /usr/bin/ld -m elf_x86_64
configure:13624: checking if the linker (/usr/bin/ld -m elf_x86_64) is GNU ld
configure:13639: result: yes
configure:13694: checking whether the g++ linker (/usr/bin/ld -m elf_x86_64) supports shared libraries
configure:14696: result: yes
configure:14732: g++ -c  -g -O0  conftest.cpp >&5
configure:14735: $? = 0
configure:15255: checking for g++ option to produce PIC
configure:15262: result: -fPIC -DPIC
configure:15270: checking if g++ PIC flag -fPIC -DPIC works
configure:15288: g++ -c  -g -O0  -fPIC -DPIC -DPIC conftest.cpp >&5
configure:15292: $? = 0
configure:15305: result: yes
configure:15328: checking if g++ static flag -static works
configure:15356: result: yes
configure:15368: checking if g++ supports -c -o file.o
configure:15389: g++ -c  -g -O0  -o out/conftest2.o conftest.cpp >&5
configure:15393: $? = 0
configure:15415: result: yes
configure:15420: checking if g++ supports -c -o file.o
configure:15467: result: yes
configure:15497: checking whether the g++ linker (/usr/bin/ld -m elf_x86_64) supports shared libraries
configure:15536: result: yes
configure:15677: checking dynamic linker characteristics
configure:16345: result: GNU/Linux ld.so
configure:16398: checking how to hardcode library paths into programs
configure:16423: result: immediate
configure:16463: checking for inline
configure:16479: gcc -c -g -O2 -g -O0  conftest.c >&5
configure:16479: $? = 0
configure:16487: result: inline
configure:16509: checking gcc version
configure:16516: result: 4.9.2
configure:16526: checking for ANSI C header files
configure:16630: result: yes
configure:16638: checking whether time.h and sys/time.h may both be included
configure:16658: gcc -c -g -O2 -g -O0 -std=gnu99 -ggdb3 -Wall -W -Wpointer-arith -Wformat-security -Wundef -Wcast-align -Wstrict-prototypes -Wmissing-declarations -Wmissing-format-attribute -Wredundant-decls -Wnested-externs -Wunused-parameter -Wwrite-strings -Winline -Wfloat-equal -Wextra -Winit-self -Wvariadic-macros  conftest.c >&5
conftest.c:29:1: warning: function declaration isn't a prototype [-Wstrict-prototypes]
 main ()
 ^
configure:16658: $? = 0
configure:16665: result: yes
configure:16677: checking stdbool.h usability
configure:16677: gcc -c -g -O2 -g -O0 -std=gnu99 -ggdb3 -Wall -W -Wpointer-arith -Wformat-security -Wundef -Wcast-align -Wstrict-prototypes -Wmissing-declarations -Wmissing-format-attribute -Wredundant-decls -Wnested-externs -Wunused-parameter -Wwrite-strings -Winline -Wfloat-equal -Wextra -Winit-self -Wvariadic-macros  conftest.c >&5
configure:16677: $? = 0
configure:16677: result: yes
configure:16677: checking stdbool.h presence
configure:16677: gcc -E  conftest.c
configure:16677: $? = 0
configure:16677: result: yes
configure:16677: checking for stdbool.h
configure:16677: result: yes
configure:16677: checking xlocale.h usability
configure:16677: gcc -c -g -O2 -g -O0 -std=gnu99 -ggdb3 -Wall -W -Wpointer-arith -Wformat-security -Wundef -Wcast-align -Wstrict-prototypes -Wmissing-declarations -Wmissing-format-attribute -Wredundant-decls -Wnested-externs -Wunused-parameter -Wwrite-strings -Winline -Wfloat-equal -Wextra -Winit-self -Wvariadic-macros  conftest.c >&5
configure:16677: $? = 0
configure:16677: result: yes
configure:16677: checking xlocale.h presence
configure:16677: gcc -E  conftest.c
configure:16677: $? = 0
configure:16677: result: yes
configure:16677: checking for xlocale.h
configure:16677: result: yes
configure:16690: checking for iconv
configure:16690: gcc -o conftest -g -O2 -g -O0 -std=gnu99 -ggdb3 -Wall -W -Wpointer-arith -Wformat-security -Wundef -Wcast-align -Wstrict-prototypes -Wmissing-declarations -Wmissing-format-attribute -Wredundant-decls -Wnested-externs -Wunused-parameter -Wwrite-strings -Winline -Wfloat-equal -Wextra -Winit-self -Wvariadic-macros   conftest.c  >&5
conftest.c:50:1: warning: function declaration isn't a prototype [-Wstrict-prototypes]
 char iconv ();
 ^
conftest.c:59:1: warning: function declaration isn't a prototype [-Wstrict-prototypes]
 main ()
 ^
configure:16690: $? = 0
configure:16690: result: yes
configure:16690: checking for pread
configure:16690: gcc -o conftest -g -O2 -g -O0 -std=gnu99 -ggdb3 -Wall -W -Wpointer-arith -Wformat-security -Wundef -Wcast-align -Wstrict-prototypes -Wmissing-declarations -Wmissing-format-attribute -Wredundant-decls -Wnested-externs -Wunused-parameter -Wwrite-strings -Winline -Wfloat-equal -Wextra -Winit-self -Wvariadic-macros   conftest.c  >&5
conftest.c:51:1: warning: function declaration isn't a prototype [-Wstrict-prototypes]
 char pread ();
 ^
conftest.c:60:1: warning: function declaration isn't a prototype [-Wstrict-prototypes]
 main ()
 ^
configure:16690: $? = 0
configure:16690: result: yes
configure:16690: checking for pwrite
configure:16690: gcc -o conftest -g -O2 -g -O0 -std=gnu99 -ggdb3 -Wall -W -Wpointer-arith -Wformat-security -Wundef -Wcast-align -Wstrict-prototypes -Wmissing-declarations -Wmissing-format-attribute -Wredundant-decls -Wnested-externs -Wunused-parameter -Wwrite-strings -Winline -Wfloat-equal -Wextra -Winit-self -Wvariadic-macros   conftest.c  >&5
conftest.c:52:1: warning: function declaration isn't a prototype [-Wstrict-prototypes]
 char pwrite ();
 ^
conftest.c:61:1: warning: function declaration isn't a prototype [-Wstrict-prototypes]
 main ()
 ^
configure:16690: $? = 0
configure:16690: result: yes
configure:16690: checking for lrintf
configure:16690: gcc -o conftest -g -O2 -g -O0 -std=gnu99 -ggdb3 -Wall -W -Wpointer-arith -Wformat-security -Wundef -Wcast-align -Wstrict-prototypes -Wmissing-declarations -Wmissing-format-attribute -Wredundant-decls -Wnested-externs -Wunused-parameter -Wwrite-strings -Winline -Wfloat-equal -Wextra -Winit-self -Wvariadic-macros   conftest.c  >&5
conftest.c:53:1: warning: function declaration isn't a prototype [-Wstrict-prototypes]
 char lrintf ();
 ^
conftest.c:53:6: warning: conflicting types for built-in function 'lrintf'
 char lrintf ();
      ^
conftest.c:62:1: warning: function declaration isn't a prototype [-Wstrict-prototypes]
 main ()
 ^
/tmp/ccZsnL8F.o: In function `main':
/root/transmission-custom/transmission-2.84+/conftest.c:64: undefined reference to `lrintf'
collect2: error: ld returned 1 exit status
configure:16690: $? = 1
configure: failed program was:
| /* confdefs.h */
| #define PACKAGE_NAME "transmission"
| #define PACKAGE_TARNAME "transmission"
| #define PACKAGE_VERSION "2.84+"
| #define PACKAGE_STRING "transmission 2.84+"
| #define PACKAGE_BUGREPORT "http://trac.transmissionbt.com/newticket"
| #define PACKAGE_URL ""
| #define PACKAGE "transmission"
| #define VERSION "2.84+"
| #define STDC_HEADERS 1
| #define HAVE_SYS_TYPES_H 1
| #define HAVE_SYS_STAT_H 1
| #define HAVE_STDLIB_H 1
| #define HAVE_STRING_H 1
| #define HAVE_MEMORY_H 1
| #define HAVE_STRINGS_H 1
| #define HAVE_INTTYPES_H 1
| #define HAVE_STDINT_H 1
| #define HAVE_UNISTD_H 1
| #define HAVE_DLFCN_H 1
| #define LT_OBJDIR ".libs/"
| #define STDC_HEADERS 1
| #define TIME_WITH_SYS_TIME 1
| #define HAVE_STDBOOL_H 1
| #define HAVE_XLOCALE_H 1
| #define HAVE_ICONV 1
| #define HAVE_PREAD 1
| #define HAVE_PWRITE 1
| /* end confdefs.h.  */
| /* Define lrintf to an innocuous variant, in case <limits.h> declares lrintf.
|    For example, HP-UX 11i <limits.h> declares gettimeofday.  */
| #define lrintf innocuous_lrintf
| 
| /* System header to define __stub macros and hopefully few prototypes,
|     which can conflict with char lrintf (); below.
|     Prefer <limits.h> to <assert.h> if __STDC__ is defined, since
|     <limits.h> exists even on freestanding compilers.  */
| 
| #ifdef __STDC__
| # include <limits.h>
| #else
| # include <assert.h>
| #endif
| 
| #undef lrintf
| 
| /* Override any GCC internal prototype to avoid an error.
|    Use char because int might match the return type of a GCC
|    builtin and then its argument prototype would still apply.  */
| #ifdef __cplusplus
| extern "C"
| #endif
| char lrintf ();
| /* The GNU C library defines this for functions which it implements
|     to always fail with ENOSYS.  Some functions are actually named
|     something starting with __ and the normal name is an alias.  */
| #if defined __stub_lrintf || defined __stub___lrintf
| choke me
| #endif
| 
| int
| main ()
| {
| return lrintf ();
|   ;
|   return 0;
| }
configure:16690: result: no
configure:16690: checking for strlcpy
configure:16690: gcc -o conftest -g -O2 -g -O0 -std=gnu99 -ggdb3 -Wall -W -Wpointer-arith -Wformat-security -Wundef -Wcast-align -Wstrict-prototypes -Wmissing-declarations -Wmissing-format-attribute -Wredundant-decls -Wnested-externs -Wunused-parameter -Wwrite-strings -Winline -Wfloat-equal -Wextra -Winit-self -Wvariadic-macros   conftest.c  >&5
conftest.c:53:1: warning: function declaration isn't a prototype [-Wstrict-prototypes]
 char strlcpy ();
 ^
conftest.c:62:1: warning: function declaration isn't a prototype [-Wstrict-prototypes]
 main ()
 ^
/tmp/ccf8kvjJ.o: In function `main':
/root/transmission-custom/transmission-2.84+/conftest.c:64: undefined reference to `strlcpy'
collect2: error: ld returned 1 exit status
configure:16690: $? = 1
configure: failed program was:
| /* confdefs.h */
| #define PACKAGE_NAME "transmission"
| #define PACKAGE_TARNAME "transmission"
| #define PACKAGE_VERSION "2.84+"
| #define PACKAGE_STRING "transmission 2.84+"
| #define PACKAGE_BUGREPORT "http://trac.transmissionbt.com/newticket"
| #define PACKAGE_URL ""
| #define PACKAGE "transmission"
| #define VERSION "2.84+"
| #define STDC_HEADERS 1
| #define HAVE_SYS_TYPES_H 1
| #define HAVE_SYS_STAT_H 1
| #define HAVE_STDLIB_H 1
| #define HAVE_STRING_H 1
| #define HAVE_MEMORY_H 1
| #define HAVE_STRINGS_H 1
| #define HAVE_INTTYPES_H 1
| #define HAVE_STDINT_H 1
| #define HAVE_UNISTD_H 1
| #define HAVE_DLFCN_H 1
| #define LT_OBJDIR ".libs/"
| #define STDC_HEADERS 1
| #define TIME_WITH_SYS_TIME 1
| #define HAVE_STDBOOL_H 1
| #define HAVE_XLOCALE_H 1
| #define HAVE_ICONV 1
| #define HAVE_PREAD 1
| #define HAVE_PWRITE 1
| /* end confdefs.h.  */
| /* Define strlcpy to an innocuous variant, in case <limits.h> declares strlcpy.
|    For example, HP-UX 11i <limits.h> declares gettimeofday.  */
| #define strlcpy innocuous_strlcpy
| 
| /* System header to define __stub macros and hopefully few prototypes,
|     which can conflict with char strlcpy (); below.
|     Prefer <limits.h> to <assert.h> if __STDC__ is defined, since
|     <limits.h> exists even on freestanding compilers.  */
| 
| #ifdef __STDC__
| # include <limits.h>
| #else
| # include <assert.h>
| #endif
| 
| #undef strlcpy
| 
| /* Override any GCC internal prototype to avoid an error.
|    Use char because int might match the return type of a GCC
|    builtin and then its argument prototype would still apply.  */
| #ifdef __cplusplus
| extern "C"
| #endif
| char strlcpy ();
| /* The GNU C library defines this for functions which it implements
|     to always fail with ENOSYS.  Some functions are actually named
|     something starting with __ and the normal name is an alias.  */
| #if defined __stub_strlcpy || defined __stub___strlcpy
| choke me
| #endif
| 
| int
| main ()
| {
| return strlcpy ();
|   ;
|   return 0;
| }
configure:16690: result: no
configure:16690: checking for daemon
configure:16690: gcc -o conftest -g -O2 -g -O0 -std=gnu99 -ggdb3 -Wall -W -Wpointer-arith -Wformat-security -Wundef -Wcast-align -Wstrict-prototypes -Wmissing-declarations -Wmissing-format-attribute -Wredundant-decls -Wnested-externs -Wunused-parameter -Wwrite-strings -Winline -Wfloat-equal -Wextra -Winit-self -Wvariadic-macros   conftest.c  >&5
conftest.c:53:1: warning: function declaration isn't a prototype [-Wstrict-prototypes]
 char daemon ();
 ^
conftest.c:62:1: warning: function declaration isn't a prototype [-Wstrict-prototypes]
 main ()
 ^
configure:16690: $? = 0
configure:16690: result: yes
configure:16690: checking for dirname
configure:16690: gcc -o conftest -g -O2 -g -O0 -std=gnu99 -ggdb3 -Wall -W -Wpointer-arith -Wformat-security -Wundef -Wcast-align -Wstrict-prototypes -Wmissing-declarations -Wmissing-format-attribute -Wredundant-decls -Wnested-externs -Wunused-parameter -Wwrite-strings -Winline -Wfloat-equal -Wextra -Winit-self -Wvariadic-macros   conftest.c  >&5
conftest.c:54:1: warning: function declaration isn't a prototype [-Wstrict-prototypes]
 char dirname ();
 ^
conftest.c:63:1: warning: function declaration isn't a prototype [-Wstrict-prototypes]
 main ()
 ^
configure:16690: $? = 0
configure:16690: result: yes
configure:16690: checking for basename
configure:16690: gcc -o conftest -g -O2 -g -O0 -std=gnu99 -ggdb3 -Wall -W -Wpointer-arith -Wformat-security -Wundef -Wcast-align -Wstrict-prototypes -Wmissing-declarations -Wmissing-format-attribute -Wredundant-decls -Wnested-externs -Wunused-parameter -Wwrite-strings -Winline -Wfloat-equal -Wextra -Winit-self -Wvariadic-macros   conftest.c  >&5
conftest.c:55:1: warning: function declaration isn't a prototype [-Wstrict-prototypes]
 char basename ();
 ^
conftest.c:64:1: warning: function declaration isn't a prototype [-Wstrict-prototypes]
 main ()
 ^
configure:16690: $? = 0
configure:16690: result: yes
configure:16690: checking for canonicalize_file_name
configure:16690: gcc -o conftest -g -O2 -g -O0 -std=gnu99 -ggdb3 -Wall -W -Wpointer-arith -Wformat-security -Wundef -Wcast-align -Wstrict-prototypes -Wmissing-declarations -Wmissing-format-attribute -Wredundant-decls -Wnested-externs -Wunused-parameter -Wwrite-strings -Winline -Wfloat-equal -Wextra -Winit-self -Wvariadic-macros   conftest.c  >&5
conftest.c:56:1: warning: function declaration isn't a prototype [-Wstrict-prototypes]
 char canonicalize_file_name ();
 ^
conftest.c:65:1: warning: function declaration isn't a prototype [-Wstrict-prototypes]
 main ()
 ^
configure:16690: $? = 0
configure:16690: result: yes
configure:16690: checking for strcasecmp
configure:16690: gcc -o conftest -g -O2 -g -O0 -std=gnu99 -ggdb3 -Wall -W -Wpointer-arith -Wformat-security -Wundef -Wcast-align -Wstrict-prototypes -Wmissing-declarations -Wmissing-format-attribute -Wredundant-decls -Wnested-externs -Wunused-parameter -Wwrite-strings -Winline -Wfloat-equal -Wextra -Winit-self -Wvariadic-macros   conftest.c  >&5
conftest.c:57:1: warning: function declaration isn't a prototype [-Wstrict-prototypes]
 char strcasecmp ();
 ^
conftest.c:57:6: warning: conflicting types for built-in function 'strcasecmp'
 char strcasecmp ();
      ^
conftest.c:66:1: warning: function declaration isn't a prototype [-Wstrict-prototypes]
 main ()
 ^
configure:16690: $? = 0
configure:16690: result: yes
configure:16690: checking for localtime_r
configure:16690: gcc -o conftest -g -O2 -g -O0 -std=gnu99 -ggdb3 -Wall -W -Wpointer-arith -Wformat-security -Wundef -Wcast-align -Wstrict-prototypes -Wmissing-declarations -Wmissing-format-attribute -Wredundant-decls -Wnested-externs -Wunused-parameter -Wwrite-strings -Winline -Wfloat-equal -Wextra -Winit-self -Wvariadic-macros   conftest.c  >&5
conftest.c:58:1: warning: function declaration isn't a prototype [-Wstrict-prototypes]
 char localtime_r ();
 ^
conftest.c:67:1: warning: function declaration isn't a prototype [-Wstrict-prototypes]
 main ()
 ^
configure:16690: $? = 0
configure:16690: result: yes
configure:16690: checking for fallocate64
configure:16690: gcc -o conftest -g -O2 -g -O0 -std=gnu99 -ggdb3 -Wall -W -Wpointer-arith -Wformat-security -Wundef -Wcast-align -Wstrict-prototypes -Wmissing-declarations -Wmissing-format-attribute -Wredundant-decls -Wnested-externs -Wunused-parameter -Wwrite-strings -Winline -Wfloat-equal -Wextra -Winit-self -Wvariadic-macros   conftest.c  >&5
conftest.c:59:1: warning: function declaration isn't a prototype [-Wstrict-prototypes]
 char fallocate64 ();
 ^
conftest.c:68:1: warning: function declaration isn't a prototype [-Wstrict-prototypes]
 main ()
 ^
configure:16690: $? = 0
configure:16690: result: yes
configure:16690: checking for posix_fallocate
configure:16690: gcc -o conftest -g -O2 -g -O0 -std=gnu99 -ggdb3 -Wall -W -Wpointer-arith -Wformat-security -Wundef -Wcast-align -Wstrict-prototypes -Wmissing-declarations -Wmissing-format-attribute -Wredundant-decls -Wnested-externs -Wunused-parameter -Wwrite-strings -Winline -Wfloat-equal -Wextra -Winit-self -Wvariadic-macros   conftest.c  >&5
conftest.c:60:1: warning: function declaration isn't a prototype [-Wstrict-prototypes]
 char posix_fallocate ();
 ^
conftest.c:69:1: warning: function declaration isn't a prototype [-Wstrict-prototypes]
 main ()
 ^
configure:16690: $? = 0
configure:16690: result: yes
configure:16690: checking for memmem
configure:16690: gcc -o conftest -g -O2 -g -O0 -std=gnu99 -ggdb3 -Wall -W -Wpointer-arith -Wformat-security -Wundef -Wcast-align -Wstrict-prototypes -Wmissing-declarations -Wmissing-format-attribute -Wredundant-decls -Wnested-externs -Wunused-parameter -Wwrite-strings -Winline -Wfloat-equal -Wextra -Winit-self -Wvariadic-macros   conftest.c  >&5
conftest.c:61:1: warning: function declaration isn't a prototype [-Wstrict-prototypes]
 char memmem ();
 ^
conftest.c:70:1: warning: function declaration isn't a prototype [-Wstrict-prototypes]
 main ()
 ^
configure:16690: $? = 0
configure:16690: result: yes
configure:16690: checking for strsep
configure:16690: gcc -o conftest -g -O2 -g -O0 -std=gnu99 -ggdb3 -Wall -W -Wpointer-arith -Wformat-security -Wundef -Wcast-align -Wstrict-prototypes -Wmissing-declarations -Wmissing-format-attribute -Wredundant-decls -Wnested-externs -Wunused-parameter -Wwrite-strings -Winline -Wfloat-equal -Wextra -Winit-self -Wvariadic-macros   conftest.c  >&5
conftest.c:62:1: warning: function declaration isn't a prototype [-Wstrict-prototypes]
 char strsep ();
 ^
conftest.c:71:1: warning: function declaration isn't a prototype [-Wstrict-prototypes]
 main ()
 ^
configure:16690: $? = 0
configure:16690: result: yes
configure:16690: checking for strtold
configure:16690: gcc -o conftest -g -O2 -g -O0 -std=gnu99 -ggdb3 -Wall -W -Wpointer-arith -Wformat-security -Wundef -Wcast-align -Wstrict-prototypes -Wmissing-declarations -Wmissing-format-attribute -Wredundant-decls -Wnested-externs -Wunused-parameter -Wwrite-strings -Winline -Wfloat-equal -Wextra -Winit-self -Wvariadic-macros   conftest.c  >&5
conftest.c:63:1: warning: function declaration isn't a prototype [-Wstrict-prototypes]
 char strtold ();
 ^
conftest.c:72:1: warning: function declaration isn't a prototype [-Wstrict-prototypes]
 main ()
 ^
configure:16690: $? = 0
configure:16690: result: yes
configure:16690: checking for syslog
configure:16690: gcc -o conftest -g -O2 -g -O0 -std=gnu99 -ggdb3 -Wall -W -Wpointer-arith -Wformat-security -Wundef -Wcast-align -Wstrict-prototypes -Wmissing-declarations -Wmissing-format-attribute -Wredundant-decls -Wnested-externs -Wunused-parameter -Wwrite-strings -Winline -Wfloat-equal -Wextra -Winit-self -Wvariadic-macros   conftest.c  >&5
conftest.c:64:1: warning: function declaration isn't a prototype [-Wstrict-prototypes]
 char syslog ();
 ^
conftest.c:73:1: warning: function declaration isn't a prototype [-Wstrict-prototypes]
 main ()
 ^
configure:16690: $? = 0
configure:16690: result: yes
configure:16690: checking for valloc
configure:16690: gcc -o conftest -g -O2 -g -O0 -std=gnu99 -ggdb3 -Wall -W -Wpointer-arith -Wformat-security -Wundef -Wcast-align -Wstrict-prototypes -Wmissing-declarations -Wmissing-format-attribute -Wredundant-decls -Wnested-externs -Wunused-parameter -Wwrite-strings -Winline -Wfloat-equal -Wextra -Winit-self -Wvariadic-macros   conftest.c  >&5
conftest.c:65:1: warning: function declaration isn't a prototype [-Wstrict-prototypes]
 char valloc ();
 ^
conftest.c:74:1: warning: function declaration isn't a prototype [-Wstrict-prototypes]
 main ()
 ^
configure:16690: $? = 0
configure:16690: result: yes
configure:16690: checking for getpagesize
configure:16690: gcc -o conftest -g -O2 -g -O0 -std=gnu99 -ggdb3 -Wall -W -Wpointer-arith -Wformat-security -Wundef -Wcast-align -Wstrict-prototypes -Wmissing-declarations -Wmissing-format-attribute -Wredundant-decls -Wnested-externs -Wunused-parameter -Wwrite-strings -Winline -Wfloat-equal -Wextra -Winit-self -Wvariadic-macros   conftest.c  >&5
conftest.c:66:1: warning: function declaration isn't a prototype [-Wstrict-prototypes]
 char getpagesize ();
 ^
conftest.c:75:1: warning: function declaration isn't a prototype [-Wstrict-prototypes]
 main ()
 ^
configure:16690: $? = 0
configure:16690: result: yes
configure:16690: checking for posix_memalign
configure:16690: gcc -o conftest -g -O2 -g -O0 -std=gnu99 -ggdb3 -Wall -W -Wpointer-arith -Wformat-security -Wundef -Wcast-align -Wstrict-prototypes -Wmissing-declarations -Wmissing-format-attribute -Wredundant-decls -Wnested-externs -Wunused-parameter -Wwrite-strings -Winline -Wfloat-equal -Wextra -Winit-self -Wvariadic-macros   conftest.c  >&5
conftest.c:67:1: warning: function declaration isn't a prototype [-Wstrict-prototypes]
 char posix_memalign ();
 ^
conftest.c:67:6: warning: conflicting types for built-in function 'posix_memalign'
 char posix_memalign ();
      ^
conftest.c:76:1: warning: function declaration isn't a prototype [-Wstrict-prototypes]
 main ()
 ^
configure:16690: $? = 0
configure:16690: result: yes
configure:16690: checking for statvfs
configure:16690: gcc -o conftest -g -O2 -g -O0 -std=gnu99 -ggdb3 -Wall -W -Wpointer-arith -Wformat-security -Wundef -Wcast-align -Wstrict-prototypes -Wmissing-declarations -Wmissing-format-attribute -Wredundant-decls -Wnested-externs -Wunused-parameter -Wwrite-strings -Winline -Wfloat-equal -Wextra -Winit-self -Wvariadic-macros   conftest.c  >&5
conftest.c:68:1: warning: function declaration isn't a prototype [-Wstrict-prototypes]
 char statvfs ();
 ^
conftest.c:77:1: warning: function declaration isn't a prototype [-Wstrict-prototypes]
 main ()
 ^
configure:16690: $? = 0
configure:16690: result: yes
configure:16690: checking for htonll
configure:16690: gcc -o conftest -g -O2 -g -O0 -std=gnu99 -ggdb3 -Wall -W -Wpointer-arith -Wformat-security -Wundef -Wcast-align -Wstrict-prototypes -Wmissing-declarations -Wmissing-format-attribute -Wredundant-decls -Wnested-externs -Wunused-parameter -Wwrite-strings -Winline -Wfloat-equal -Wextra -Winit-self -Wvariadic-macros   conftest.c  >&5
conftest.c:69:1: warning: function declaration isn't a prototype [-Wstrict-prototypes]
 char htonll ();
 ^
conftest.c:78:1: warning: function declaration isn't a prototype [-Wstrict-prototypes]
 main ()
 ^
/tmp/ccQv8rQy.o: In function `main':
/root/transmission-custom/transmission-2.84+/conftest.c:80: undefined reference to `htonll'
collect2: error: ld returned 1 exit status
configure:16690: $? = 1
configure: failed program was:
| /* confdefs.h */
| #define PACKAGE_NAME "transmission"
| #define PACKAGE_TARNAME "transmission"
| #define PACKAGE_VERSION "2.84+"
| #define PACKAGE_STRING "transmission 2.84+"
| #define PACKAGE_BUGREPORT "http://trac.transmissionbt.com/newticket"
| #define PACKAGE_URL ""
| #define PACKAGE "transmission"
| #define VERSION "2.84+"
| #define STDC_HEADERS 1
| #define HAVE_SYS_TYPES_H 1
| #define HAVE_SYS_STAT_H 1
| #define HAVE_STDLIB_H 1
| #define HAVE_STRING_H 1
| #define HAVE_MEMORY_H 1
| #define HAVE_STRINGS_H 1
| #define HAVE_INTTYPES_H 1
| #define HAVE_STDINT_H 1
| #define HAVE_UNISTD_H 1
| #define HAVE_DLFCN_H 1
| #define LT_OBJDIR ".libs/"
| #define STDC_HEADERS 1
| #define TIME_WITH_SYS_TIME 1
| #define HAVE_STDBOOL_H 1
| #define HAVE_XLOCALE_H 1
| #define HAVE_ICONV 1
| #define HAVE_PREAD 1
| #define HAVE_PWRITE 1
| #define HAVE_DAEMON 1
| #define HAVE_DIRNAME 1
| #define HAVE_BASENAME 1
| #define HAVE_CANONICALIZE_FILE_NAME 1
| #define HAVE_STRCASECMP 1
| #define HAVE_LOCALTIME_R 1
| #define HAVE_FALLOCATE64 1
| #define HAVE_POSIX_FALLOCATE 1
| #define HAVE_MEMMEM 1
| #define HAVE_STRSEP 1
| #define HAVE_STRTOLD 1
| #define HAVE_SYSLOG 1
| #define HAVE_VALLOC 1
| #define HAVE_GETPAGESIZE 1
| #define HAVE_POSIX_MEMALIGN 1
| #define HAVE_STATVFS 1
| /* end confdefs.h.  */
| /* Define htonll to an innocuous variant, in case <limits.h> declares htonll.
|    For example, HP-UX 11i <limits.h> declares gettimeofday.  */
| #define htonll innocuous_htonll
| 
| /* System header to define __stub macros and hopefully few prototypes,
|     which can conflict with char htonll (); below.
|     Prefer <limits.h> to <assert.h> if __STDC__ is defined, since
|     <limits.h> exists even on freestanding compilers.  */
| 
| #ifdef __STDC__
| # include <limits.h>
| #else
| # include <assert.h>
| #endif
| 
| #undef htonll
| 
| /* Override any GCC internal prototype to avoid an error.
|    Use char because int might match the return type of a GCC
|    builtin and then its argument prototype would still apply.  */
| #ifdef __cplusplus
| extern "C"
| #endif
| char htonll ();
| /* The GNU C library defines this for functions which it implements
|     to always fail with ENOSYS.  Some functions are actually named
|     something starting with __ and the normal name is an alias.  */
| #if defined __stub_htonll || defined __stub___htonll
| choke me
| #endif
| 
| int
| main ()
| {
| return htonll ();
|   ;
|   return 0;
| }
configure:16690: result: no
configure:16690: checking for ntohll
configure:16690: gcc -o conftest -g -O2 -g -O0 -std=gnu99 -ggdb3 -Wall -W -Wpointer-arith -Wformat-security -Wundef -Wcast-align -Wstrict-prototypes -Wmissing-declarations -Wmissing-format-attribute -Wredundant-decls -Wnested-externs -Wunused-parameter -Wwrite-strings -Winline -Wfloat-equal -Wextra -Winit-self -Wvariadic-macros   conftest.c  >&5
conftest.c:69:1: warning: function declaration isn't a prototype [-Wstrict-prototypes]
 char ntohll ();
 ^
conftest.c:78:1: warning: function declaration isn't a prototype [-Wstrict-prototypes]
 main ()
 ^
/tmp/ccDNdQlE.o: In function `main':
/root/transmission-custom/transmission-2.84+/conftest.c:80: undefined reference to `ntohll'
collect2: error: ld returned 1 exit status
configure:16690: $? = 1
configure: failed program was:
| /* confdefs.h */
| #define PACKAGE_NAME "transmission"
| #define PACKAGE_TARNAME "transmission"
| #define PACKAGE_VERSION "2.84+"
| #define PACKAGE_STRING "transmission 2.84+"
| #define PACKAGE_BUGREPORT "http://trac.transmissionbt.com/newticket"
| #define PACKAGE_URL ""
| #define PACKAGE "transmission"
| #define VERSION "2.84+"
| #define STDC_HEADERS 1
| #define HAVE_SYS_TYPES_H 1
| #define HAVE_SYS_STAT_H 1
| #define HAVE_STDLIB_H 1
| #define HAVE_STRING_H 1
| #define HAVE_MEMORY_H 1
| #define HAVE_STRINGS_H 1
| #define HAVE_INTTYPES_H 1
| #define HAVE_STDINT_H 1
| #define HAVE_UNISTD_H 1
| #define HAVE_DLFCN_H 1
| #define LT_OBJDIR ".libs/"
| #define STDC_HEADERS 1
| #define TIME_WITH_SYS_TIME 1
| #define HAVE_STDBOOL_H 1
| #define HAVE_XLOCALE_H 1
| #define HAVE_ICONV 1
| #define HAVE_PREAD 1
| #define HAVE_PWRITE 1
| #define HAVE_DAEMON 1
| #define HAVE_DIRNAME 1
| #define HAVE_BASENAME 1
| #define HAVE_CANONICALIZE_FILE_NAME 1
| #define HAVE_STRCASECMP 1
| #define HAVE_LOCALTIME_R 1
| #define HAVE_FALLOCATE64 1
| #define HAVE_POSIX_FALLOCATE 1
| #define HAVE_MEMMEM 1
| #define HAVE_STRSEP 1
| #define HAVE_STRTOLD 1
| #define HAVE_SYSLOG 1
| #define HAVE_VALLOC 1
| #define HAVE_GETPAGESIZE 1
| #define HAVE_POSIX_MEMALIGN 1
| #define HAVE_STATVFS 1
| /* end confdefs.h.  */
| /* Define ntohll to an innocuous variant, in case <limits.h> declares ntohll.
|    For example, HP-UX 11i <limits.h> declares gettimeofday.  */
| #define ntohll innocuous_ntohll
| 
| /* System header to define __stub macros and hopefully few prototypes,
|     which can conflict with char ntohll (); below.
|     Prefer <limits.h> to <assert.h> if __STDC__ is defined, since
|     <limits.h> exists even on freestanding compilers.  */
| 
| #ifdef __STDC__
| # include <limits.h>
| #else
| # include <assert.h>
| #endif
| 
| #undef ntohll
| 
| /* Override any GCC internal prototype to avoid an error.
|    Use char because int might match the return type of a GCC
|    builtin and then its argument prototype would still apply.  */
| #ifdef __cplusplus
| extern "C"
| #endif
| char ntohll ();
| /* The GNU C library defines this for functions which it implements
|     to always fail with ENOSYS.  Some functions are actually named
|     something starting with __ and the normal name is an alias.  */
| #if defined __stub_ntohll || defined __stub___ntohll
| choke me
| #endif
| 
| int
| main ()
| {
| return ntohll ();
|   ;
|   return 0;
| }
configure:16690: result: no
configure:16690: checking for mkdtemp
configure:16690: gcc -o conftest -g -O2 -g -O0 -std=gnu99 -ggdb3 -Wall -W -Wpointer-arith -Wformat-security -Wundef -Wcast-align -Wstrict-prototypes -Wmissing-declarations -Wmissing-format-attribute -Wredundant-decls -Wnested-externs -Wunused-parameter -Wwrite-strings -Winline -Wfloat-equal -Wextra -Winit-self -Wvariadic-macros   conftest.c  >&5
conftest.c:69:1: warning: function declaration isn't a prototype [-Wstrict-prototypes]
 char mkdtemp ();
 ^
conftest.c:78:1: warning: function declaration isn't a prototype [-Wstrict-prototypes]
 main ()
 ^
configure:16690: $? = 0
configure:16690: result: yes
configure:16690: checking for uselocale
configure:16690: gcc -o conftest -g -O2 -g -O0 -std=gnu99 -ggdb3 -Wall -W -Wpointer-arith -Wformat-security -Wundef -Wcast-align -Wstrict-prototypes -Wmissing-declarations -Wmissing-format-attribute -Wredundant-decls -Wnested-externs -Wunused-parameter -Wwrite-strings -Winline -Wfloat-equal -Wextra -Winit-self -Wvariadic-macros   conftest.c  >&5
conftest.c:70:1: warning: function declaration isn't a prototype [-Wstrict-prototypes]
 char uselocale ();
 ^
conftest.c:79:1: warning: function declaration isn't a prototype [-Wstrict-prototypes]
 main ()
 ^
configure:16690: $? = 0
configure:16690: result: yes
configure:16690: checking for _configthreadlocale
configure:16690: gcc -o conftest -g -O2 -g -O0 -std=gnu99 -ggdb3 -Wall -W -Wpointer-arith -Wformat-security -Wundef -Wcast-align -Wstrict-prototypes -Wmissing-declarations -Wmissing-format-attribute -Wredundant-decls -Wnested-externs -Wunused-parameter -Wwrite-strings -Winline -Wfloat-equal -Wextra -Winit-self -Wvariadic-macros   conftest.c  >&5
conftest.c:71:1: warning: function declaration isn't a prototype [-Wstrict-prototypes]
 char _configthreadlocale ();
 ^
conftest.c:80:1: warning: function declaration isn't a prototype [-Wstrict-prototypes]
 main ()
 ^
/tmp/ccIjSRIC.o: In function `main':
/root/transmission-custom/transmission-2.84+/conftest.c:82: undefined reference to `_configthreadlocale'
collect2: error: ld returned 1 exit status
configure:16690: $? = 1
configure: failed program was:
| /* confdefs.h */
| #define PACKAGE_NAME "transmission"
| #define PACKAGE_TARNAME "transmission"
| #define PACKAGE_VERSION "2.84+"
| #define PACKAGE_STRING "transmission 2.84+"
| #define PACKAGE_BUGREPORT "http://trac.transmissionbt.com/newticket"
| #define PACKAGE_URL ""
| #define PACKAGE "transmission"
| #define VERSION "2.84+"
| #define STDC_HEADERS 1
| #define HAVE_SYS_TYPES_H 1
| #define HAVE_SYS_STAT_H 1
| #define HAVE_STDLIB_H 1
| #define HAVE_STRING_H 1
| #define HAVE_MEMORY_H 1
| #define HAVE_STRINGS_H 1
| #define HAVE_INTTYPES_H 1
| #define HAVE_STDINT_H 1
| #define HAVE_UNISTD_H 1
| #define HAVE_DLFCN_H 1
| #define LT_OBJDIR ".libs/"
| #define STDC_HEADERS 1
| #define TIME_WITH_SYS_TIME 1
| #define HAVE_STDBOOL_H 1
| #define HAVE_XLOCALE_H 1
| #define HAVE_ICONV 1
| #define HAVE_PREAD 1
| #define HAVE_PWRITE 1
| #define HAVE_DAEMON 1
| #define HAVE_DIRNAME 1
| #define HAVE_BASENAME 1
| #define HAVE_CANONICALIZE_FILE_NAME 1
| #define HAVE_STRCASECMP 1
| #define HAVE_LOCALTIME_R 1
| #define HAVE_FALLOCATE64 1
| #define HAVE_POSIX_FALLOCATE 1
| #define HAVE_MEMMEM 1
| #define HAVE_STRSEP 1
| #define HAVE_STRTOLD 1
| #define HAVE_SYSLOG 1
| #define HAVE_VALLOC 1
| #define HAVE_GETPAGESIZE 1
| #define HAVE_POSIX_MEMALIGN 1
| #define HAVE_STATVFS 1
| #define HAVE_MKDTEMP 1
| #define HAVE_USELOCALE 1
| /* end confdefs.h.  */
| /* Define _configthreadlocale to an innocuous variant, in case <limits.h> declares _configthreadlocale.
|    For example, HP-UX 11i <limits.h> declares gettimeofday.  */
| #define _configthreadlocale innocuous__configthreadlocale
| 
| /* System header to define __stub macros and hopefully few prototypes,
|     which can conflict with char _configthreadlocale (); below.
|     Prefer <limits.h> to <assert.h> if __STDC__ is defined, since
|     <limits.h> exists even on freestanding compilers.  */
| 
| #ifdef __STDC__
| # include <limits.h>
| #else
| # include <assert.h>
| #endif
| 
| #undef _configthreadlocale
| 
| /* Override any GCC internal prototype to avoid an error.
|    Use char because int might match the return type of a GCC
|    builtin and then its argument prototype would still apply.  */
| #ifdef __cplusplus
| extern "C"
| #endif
| char _configthreadlocale ();
| /* The GNU C library defines this for functions which it implements
|     to always fail with ENOSYS.  Some functions are actually named
|     something starting with __ and the normal name is an alias.  */
| #if defined __stub__configthreadlocale || defined __stub____configthreadlocale
| choke me
| #endif
| 
| int
| main ()
| {
| return _configthreadlocale ();
|   ;
|   return 0;
| }
configure:16690: result: no
configure:16700: checking whether make sets $(MAKE)
configure:16722: result: yes
configure:16896: checking for the pthreads library -lpthreads
configure:16929: gcc -o conftest -g -O2 -g -O0 -std=gnu99 -ggdb3 -Wall -W -Wpointer-arith -Wformat-security -Wundef -Wcast-align -Wstrict-prototypes -Wmissing-declarations -Wmissing-format-attribute -Wredundant-decls -Wnested-externs -Wunused-parameter -Wwrite-strings -Winline -Wfloat-equal -Wextra -Winit-self -Wvariadic-macros    conftest.c -lpthreads  >&5
conftest.c:50:1: warning: function declaration isn't a prototype [-Wstrict-prototypes]
 main ()
 ^
conftest.c: In function 'main':
conftest.c:53:22: warning: null argument where non-null required (argument 1) [-Wnonnull]
                      pthread_attr_init(0); pthread_cleanup_push(0, 0);
                      ^
conftest.c:54:22: warning: null argument where non-null required (argument 1) [-Wnonnull]
                      pthread_create(0,0,0,0); pthread_cleanup_pop(0);
                      ^
conftest.c:54:22: warning: null argument where non-null required (argument 3) [-Wnonnull]
conftest.c:52:15: warning: 'th' is used uninitialized in this function [-Wuninitialized]
 pthread_t th; pthread_join(th, 0);
               ^
/usr/bin/ld: cannot find -lpthreads
collect2: error: ld returned 1 exit status
configure:16929: $? = 1
configure: failed program was:
| /* confdefs.h */
| #define PACKAGE_NAME "transmission"
| #define PACKAGE_TARNAME "transmission"
| #define PACKAGE_VERSION "2.84+"
| #define PACKAGE_STRING "transmission 2.84+"
| #define PACKAGE_BUGREPORT "http://trac.transmissionbt.com/newticket"
| #define PACKAGE_URL ""
| #define PACKAGE "transmission"
| #define VERSION "2.84+"
| #define STDC_HEADERS 1
| #define HAVE_SYS_TYPES_H 1
| #define HAVE_SYS_STAT_H 1
| #define HAVE_STDLIB_H 1
| #define HAVE_STRING_H 1
| #define HAVE_MEMORY_H 1
| #define HAVE_STRINGS_H 1
| #define HAVE_INTTYPES_H 1
| #define HAVE_STDINT_H 1
| #define HAVE_UNISTD_H 1
| #define HAVE_DLFCN_H 1
| #define LT_OBJDIR ".libs/"
| #define STDC_HEADERS 1
| #define TIME_WITH_SYS_TIME 1
| #define HAVE_STDBOOL_H 1
| #define HAVE_XLOCALE_H 1
| #define HAVE_ICONV 1
| #define HAVE_PREAD 1
| #define HAVE_PWRITE 1
| #define HAVE_DAEMON 1
| #define HAVE_DIRNAME 1
| #define HAVE_BASENAME 1
| #define HAVE_CANONICALIZE_FILE_NAME 1
| #define HAVE_STRCASECMP 1
| #define HAVE_LOCALTIME_R 1
| #define HAVE_FALLOCATE64 1
| #define HAVE_POSIX_FALLOCATE 1
| #define HAVE_MEMMEM 1
| #define HAVE_STRSEP 1
| #define HAVE_STRTOLD 1
| #define HAVE_SYSLOG 1
| #define HAVE_VALLOC 1
| #define HAVE_GETPAGESIZE 1
| #define HAVE_POSIX_MEMALIGN 1
| #define HAVE_STATVFS 1
| #define HAVE_MKDTEMP 1
| #define HAVE_USELOCALE 1
| /* end confdefs.h.  */
| #include <pthread.h>
| int
| main ()
| {
| pthread_t th; pthread_join(th, 0);
|                      pthread_attr_init(0); pthread_cleanup_push(0, 0);
|                      pthread_create(0,0,0,0); pthread_cleanup_pop(0);
|   ;
|   return 0;
| }
configure:16938: result: no
configure:16841: checking whether pthreads work without any flags
configure:16929: gcc -o conftest -g -O2 -g -O0 -std=gnu99 -ggdb3 -Wall -W -Wpointer-arith -Wformat-security -Wundef -Wcast-align -Wstrict-prototypes -Wmissing-declarations -Wmissing-format-attribute -Wredundant-decls -Wnested-externs -Wunused-parameter -Wwrite-strings -Winline -Wfloat-equal -Wextra -Winit-self -Wvariadic-macros    conftest.c   >&5
conftest.c:50:1: warning: function declaration isn't a prototype [-Wstrict-prototypes]
 main ()
 ^
conftest.c: In function 'main':
conftest.c:53:22: warning: null argument where non-null required (argument 1) [-Wnonnull]
                      pthread_attr_init(0); pthread_cleanup_push(0, 0);
                      ^
conftest.c:54:22: warning: null argument where non-null required (argument 1) [-Wnonnull]
                      pthread_create(0,0,0,0); pthread_cleanup_pop(0);
                      ^
conftest.c:54:22: warning: null argument where non-null required (argument 3) [-Wnonnull]
conftest.c:52:15: warning: 'th' is used uninitialized in this function [-Wuninitialized]
 pthread_t th; pthread_join(th, 0);
               ^
/tmp/cc9uht6H.o: In function `main':
/root/transmission-custom/transmission-2.84+/conftest.c:52: undefined reference to `pthread_join'
/root/transmission-custom/transmission-2.84+/conftest.c:53: undefined reference to `__pthread_register_cancel'
/root/transmission-custom/transmission-2.84+/conftest.c:54: undefined reference to `pthread_create'
/root/transmission-custom/transmission-2.84+/conftest.c:54: undefined reference to `__pthread_unregister_cancel'
collect2: error: ld returned 1 exit status
configure:16929: $? = 1
configure: failed program was:
| /* confdefs.h */
| #define PACKAGE_NAME "transmission"
| #define PACKAGE_TARNAME "transmission"
| #define PACKAGE_VERSION "2.84+"
| #define PACKAGE_STRING "transmission 2.84+"
| #define PACKAGE_BUGREPORT "http://trac.transmissionbt.com/newticket"
| #define PACKAGE_URL ""
| #define PACKAGE "transmission"
| #define VERSION "2.84+"
| #define STDC_HEADERS 1
| #define HAVE_SYS_TYPES_H 1
| #define HAVE_SYS_STAT_H 1
| #define HAVE_STDLIB_H 1
| #define HAVE_STRING_H 1
| #define HAVE_MEMORY_H 1
| #define HAVE_STRINGS_H 1
| #define HAVE_INTTYPES_H 1
| #define HAVE_STDINT_H 1
| #define HAVE_UNISTD_H 1
| #define HAVE_DLFCN_H 1
| #define LT_OBJDIR ".libs/"
| #define STDC_HEADERS 1
| #define TIME_WITH_SYS_TIME 1
| #define HAVE_STDBOOL_H 1
| #define HAVE_XLOCALE_H 1
| #define HAVE_ICONV 1
| #define HAVE_PREAD 1
| #define HAVE_PWRITE 1
| #define HAVE_DAEMON 1
| #define HAVE_DIRNAME 1
| #define HAVE_BASENAME 1
| #define HAVE_CANONICALIZE_FILE_NAME 1
| #define HAVE_STRCASECMP 1
| #define HAVE_LOCALTIME_R 1
| #define HAVE_FALLOCATE64 1
| #define HAVE_POSIX_FALLOCATE 1
| #define HAVE_MEMMEM 1
| #define HAVE_STRSEP 1
| #define HAVE_STRTOLD 1
| #define HAVE_SYSLOG 1
| #define HAVE_VALLOC 1
| #define HAVE_GETPAGESIZE 1
| #define HAVE_POSIX_MEMALIGN 1
| #define HAVE_STATVFS 1
| #define HAVE_MKDTEMP 1
| #define HAVE_USELOCALE 1
| /* end confdefs.h.  */
| #include <pthread.h>
| int
| main ()
| {
| pthread_t th; pthread_join(th, 0);
|                      pthread_attr_init(0); pthread_cleanup_push(0, 0);
|                      pthread_create(0,0,0,0); pthread_cleanup_pop(0);
|   ;
|   return 0;
| }
configure:16938: result: no
configure:16846: checking whether pthreads work with -Kthread
configure:16929: gcc -o conftest -g -O2 -g -O0 -std=gnu99 -ggdb3 -Wall -W -Wpointer-arith -Wformat-security -Wundef -Wcast-align -Wstrict-prototypes -Wmissing-declarations -Wmissing-format-attribute -Wredundant-decls -Wnested-externs -Wunused-parameter -Wwrite-strings -Winline -Wfloat-equal -Wextra -Winit-self -Wvariadic-macros -Kthread   conftest.c   >&5
gcc: error: unrecognized command line option '-Kthread'
configure:16929: $? = 1
configure: failed program was:
| /* confdefs.h */
| #define PACKAGE_NAME "transmission"
| #define PACKAGE_TARNAME "transmission"
| #define PACKAGE_VERSION "2.84+"
| #define PACKAGE_STRING "transmission 2.84+"
| #define PACKAGE_BUGREPORT "http://trac.transmissionbt.com/newticket"
| #define PACKAGE_URL ""
| #define PACKAGE "transmission"
| #define VERSION "2.84+"
| #define STDC_HEADERS 1
| #define HAVE_SYS_TYPES_H 1
| #define HAVE_SYS_STAT_H 1
| #define HAVE_STDLIB_H 1
| #define HAVE_STRING_H 1
| #define HAVE_MEMORY_H 1
| #define HAVE_STRINGS_H 1
| #define HAVE_INTTYPES_H 1
| #define HAVE_STDINT_H 1
| #define HAVE_UNISTD_H 1
| #define HAVE_DLFCN_H 1
| #define LT_OBJDIR ".libs/"
| #define STDC_HEADERS 1
| #define TIME_WITH_SYS_TIME 1
| #define HAVE_STDBOOL_H 1
| #define HAVE_XLOCALE_H 1
| #define HAVE_ICONV 1
| #define HAVE_PREAD 1
| #define HAVE_PWRITE 1
| #define HAVE_DAEMON 1
| #define HAVE_DIRNAME 1
| #define HAVE_BASENAME 1
| #define HAVE_CANONICALIZE_FILE_NAME 1
| #define HAVE_STRCASECMP 1
| #define HAVE_LOCALTIME_R 1
| #define HAVE_FALLOCATE64 1
| #define HAVE_POSIX_FALLOCATE 1
| #define HAVE_MEMMEM 1
| #define HAVE_STRSEP 1
| #define HAVE_STRTOLD 1
| #define HAVE_SYSLOG 1
| #define HAVE_VALLOC 1
| #define HAVE_GETPAGESIZE 1
| #define HAVE_POSIX_MEMALIGN 1
| #define HAVE_STATVFS 1
| #define HAVE_MKDTEMP 1
| #define HAVE_USELOCALE 1
| /* end confdefs.h.  */
| #include <pthread.h>
| int
| main ()
| {
| pthread_t th; pthread_join(th, 0);
|                      pthread_attr_init(0); pthread_cleanup_push(0, 0);
|                      pthread_create(0,0,0,0); pthread_cleanup_pop(0);
|   ;
|   return 0;
| }
configure:16938: result: no
configure:16846: checking whether pthreads work with -kthread
configure:16929: gcc -o conftest -g -O2 -g -O0 -std=gnu99 -ggdb3 -Wall -W -Wpointer-arith -Wformat-security -Wundef -Wcast-align -Wstrict-prototypes -Wmissing-declarations -Wmissing-format-attribute -Wredundant-decls -Wnested-externs -Wunused-parameter -Wwrite-strings -Winline -Wfloat-equal -Wextra -Winit-self -Wvariadic-macros -kthread   conftest.c   >&5
gcc: error: unrecognized command line option '-kthread'
configure:16929: $? = 1
configure: failed program was:
| /* confdefs.h */
| #define PACKAGE_NAME "transmission"
| #define PACKAGE_TARNAME "transmission"
| #define PACKAGE_VERSION "2.84+"
| #define PACKAGE_STRING "transmission 2.84+"
| #define PACKAGE_BUGREPORT "http://trac.transmissionbt.com/newticket"
| #define PACKAGE_URL ""
| #define PACKAGE "transmission"
| #define VERSION "2.84+"
| #define STDC_HEADERS 1
| #define HAVE_SYS_TYPES_H 1
| #define HAVE_SYS_STAT_H 1
| #define HAVE_STDLIB_H 1
| #define HAVE_STRING_H 1
| #define HAVE_MEMORY_H 1
| #define HAVE_STRINGS_H 1
| #define HAVE_INTTYPES_H 1
| #define HAVE_STDINT_H 1
| #define HAVE_UNISTD_H 1
| #define HAVE_DLFCN_H 1
| #define LT_OBJDIR ".libs/"
| #define STDC_HEADERS 1
| #define TIME_WITH_SYS_TIME 1
| #define HAVE_STDBOOL_H 1
| #define HAVE_XLOCALE_H 1
| #define HAVE_ICONV 1
| #define HAVE_PREAD 1
| #define HAVE_PWRITE 1
| #define HAVE_DAEMON 1
| #define HAVE_DIRNAME 1
| #define HAVE_BASENAME 1
| #define HAVE_CANONICALIZE_FILE_NAME 1
| #define HAVE_STRCASECMP 1
| #define HAVE_LOCALTIME_R 1
| #define HAVE_FALLOCATE64 1
| #define HAVE_POSIX_FALLOCATE 1
| #define HAVE_MEMMEM 1
| #define HAVE_STRSEP 1
| #define HAVE_STRTOLD 1
| #define HAVE_SYSLOG 1
| #define HAVE_VALLOC 1
| #define HAVE_GETPAGESIZE 1
| #define HAVE_POSIX_MEMALIGN 1
| #define HAVE_STATVFS 1
| #define HAVE_MKDTEMP 1
| #define HAVE_USELOCALE 1
| /* end confdefs.h.  */
| #include <pthread.h>
| int
| main ()
| {
| pthread_t th; pthread_join(th, 0);
|                      pthread_attr_init(0); pthread_cleanup_push(0, 0);
|                      pthread_create(0,0,0,0); pthread_cleanup_pop(0);
|   ;
|   return 0;
| }
configure:16938: result: no
configure:16896: checking for the pthreads library -llthread
configure:16929: gcc -o conftest -g -O2 -g -O0 -std=gnu99 -ggdb3 -Wall -W -Wpointer-arith -Wformat-security -Wundef -Wcast-align -Wstrict-prototypes -Wmissing-declarations -Wmissing-format-attribute -Wredundant-decls -Wnested-externs -Wunused-parameter -Wwrite-strings -Winline -Wfloat-equal -Wextra -Winit-self -Wvariadic-macros    conftest.c -llthread  >&5
conftest.c:50:1: warning: function declaration isn't a prototype [-Wstrict-prototypes]
 main ()
 ^
conftest.c: In function 'main':
conftest.c:53:22: warning: null argument where non-null required (argument 1) [-Wnonnull]
                      pthread_attr_init(0); pthread_cleanup_push(0, 0);
                      ^
conftest.c:54:22: warning: null argument where non-null required (argument 1) [-Wnonnull]
                      pthread_create(0,0,0,0); pthread_cleanup_pop(0);
                      ^
conftest.c:54:22: warning: null argument where non-null required (argument 3) [-Wnonnull]
conftest.c:52:15: warning: 'th' is used uninitialized in this function [-Wuninitialized]
 pthread_t th; pthread_join(th, 0);
               ^
/usr/bin/ld: cannot find -llthread
collect2: error: ld returned 1 exit status
configure:16929: $? = 1
configure: failed program was:
| /* confdefs.h */
| #define PACKAGE_NAME "transmission"
| #define PACKAGE_TARNAME "transmission"
| #define PACKAGE_VERSION "2.84+"
| #define PACKAGE_STRING "transmission 2.84+"
| #define PACKAGE_BUGREPORT "http://trac.transmissionbt.com/newticket"
| #define PACKAGE_URL ""
| #define PACKAGE "transmission"
| #define VERSION "2.84+"
| #define STDC_HEADERS 1
| #define HAVE_SYS_TYPES_H 1
| #define HAVE_SYS_STAT_H 1
| #define HAVE_STDLIB_H 1
| #define HAVE_STRING_H 1
| #define HAVE_MEMORY_H 1
| #define HAVE_STRINGS_H 1
| #define HAVE_INTTYPES_H 1
| #define HAVE_STDINT_H 1
| #define HAVE_UNISTD_H 1
| #define HAVE_DLFCN_H 1
| #define LT_OBJDIR ".libs/"
| #define STDC_HEADERS 1
| #define TIME_WITH_SYS_TIME 1
| #define HAVE_STDBOOL_H 1
| #define HAVE_XLOCALE_H 1
| #define HAVE_ICONV 1
| #define HAVE_PREAD 1
| #define HAVE_PWRITE 1
| #define HAVE_DAEMON 1
| #define HAVE_DIRNAME 1
| #define HAVE_BASENAME 1
| #define HAVE_CANONICALIZE_FILE_NAME 1
| #define HAVE_STRCASECMP 1
| #define HAVE_LOCALTIME_R 1
| #define HAVE_FALLOCATE64 1
| #define HAVE_POSIX_FALLOCATE 1
| #define HAVE_MEMMEM 1
| #define HAVE_STRSEP 1
| #define HAVE_STRTOLD 1
| #define HAVE_SYSLOG 1
| #define HAVE_VALLOC 1
| #define HAVE_GETPAGESIZE 1
| #define HAVE_POSIX_MEMALIGN 1
| #define HAVE_STATVFS 1
| #define HAVE_MKDTEMP 1
| #define HAVE_USELOCALE 1
| /* end confdefs.h.  */
| #include <pthread.h>
| int
| main ()
| {
| pthread_t th; pthread_join(th, 0);
|                      pthread_attr_init(0); pthread_cleanup_push(0, 0);
|                      pthread_create(0,0,0,0); pthread_cleanup_pop(0);
|   ;
|   return 0;
| }
configure:16938: result: no
configure:16846: checking whether pthreads work with -pthread
configure:16929: gcc -o conftest -g -O2 -g -O0 -std=gnu99 -ggdb3 -Wall -W -Wpointer-arith -Wformat-security -Wundef -Wcast-align -Wstrict-prototypes -Wmissing-declarations -Wmissing-format-attribute -Wredundant-decls -Wnested-externs -Wunused-parameter -Wwrite-strings -Winline -Wfloat-equal -Wextra -Winit-self -Wvariadic-macros -pthread   conftest.c   >&5
conftest.c:50:1: warning: function declaration isn't a prototype [-Wstrict-prototypes]
 main ()
 ^
conftest.c: In function 'main':
conftest.c:53:22: warning: null argument where non-null required (argument 1) [-Wnonnull]
                      pthread_attr_init(0); pthread_cleanup_push(0, 0);
                      ^
conftest.c:54:22: warning: null argument where non-null required (argument 1) [-Wnonnull]
                      pthread_create(0,0,0,0); pthread_cleanup_pop(0);
                      ^
conftest.c:54:22: warning: null argument where non-null required (argument 3) [-Wnonnull]
conftest.c:52:15: warning: 'th' is used uninitialized in this function [-Wuninitialized]
 pthread_t th; pthread_join(th, 0);
               ^
configure:16929: $? = 0
configure:16938: result: yes
configure:16957: checking for joinable pthread attribute
configure:16972: gcc -o conftest -g -O2 -g -O0 -std=gnu99 -ggdb3 -Wall -W -Wpointer-arith -Wformat-security -Wundef -Wcast-align -Wstrict-prototypes -Wmissing-declarations -Wmissing-format-attribute -Wredundant-decls -Wnested-externs -Wunused-parameter -Wwrite-strings -Winline -Wfloat-equal -Wextra -Winit-self -Wvariadic-macros -pthread   conftest.c   >&5
conftest.c:50:1: warning: function declaration isn't a prototype [-Wstrict-prototypes]
 main ()
 ^
configure:16972: $? = 0
configure:16978: result: PTHREAD_CREATE_JOINABLE
configure:16988: checking if more special flags are required for pthreads
configure:16995: result: no
configure:17082: checking for library containing cos
configure:17113: gcc -o conftest -g -O2 -g -O0 -std=gnu99 -ggdb3 -Wall -W -Wpointer-arith -Wformat-security -Wundef -Wcast-align -Wstrict-prototypes -Wmissing-declarations -Wmissing-format-attribute -Wredundant-decls -Wnested-externs -Wunused-parameter -Wwrite-strings -Winline -Wfloat-equal -Wextra -Winit-self -Wvariadic-macros   conftest.c  >&5
conftest.c:56:1: warning: function declaration isn't a prototype [-Wstrict-prototypes]
 char cos ();
 ^
conftest.c:56:6: warning: conflicting types for built-in function 'cos'
 char cos ();
      ^
conftest.c:58:1: warning: function declaration isn't a prototype [-Wstrict-prototypes]
 main ()
 ^
/tmp/cckTetnY.o: In function `main':
/root/transmission-custom/transmission-2.84+/conftest.c:60: undefined reference to `cos'
collect2: error: ld returned 1 exit status
configure:17113: $? = 1
configure: failed program was:
| /* confdefs.h */
| #define PACKAGE_NAME "transmission"
| #define PACKAGE_TARNAME "transmission"
| #define PACKAGE_VERSION "2.84+"
| #define PACKAGE_STRING "transmission 2.84+"
| #define PACKAGE_BUGREPORT "http://trac.transmissionbt.com/newticket"
| #define PACKAGE_URL ""
| #define PACKAGE "transmission"
| #define VERSION "2.84+"
| #define STDC_HEADERS 1
| #define HAVE_SYS_TYPES_H 1
| #define HAVE_SYS_STAT_H 1
| #define HAVE_STDLIB_H 1
| #define HAVE_STRING_H 1
| #define HAVE_MEMORY_H 1
| #define HAVE_STRINGS_H 1
| #define HAVE_INTTYPES_H 1
| #define HAVE_STDINT_H 1
| #define HAVE_UNISTD_H 1
| #define HAVE_DLFCN_H 1
| #define LT_OBJDIR ".libs/"
| #define STDC_HEADERS 1
| #define TIME_WITH_SYS_TIME 1
| #define HAVE_STDBOOL_H 1
| #define HAVE_XLOCALE_H 1
| #define HAVE_ICONV 1
| #define HAVE_PREAD 1
| #define HAVE_PWRITE 1
| #define HAVE_DAEMON 1
| #define HAVE_DIRNAME 1
| #define HAVE_BASENAME 1
| #define HAVE_CANONICALIZE_FILE_NAME 1
| #define HAVE_STRCASECMP 1
| #define HAVE_LOCALTIME_R 1
| #define HAVE_FALLOCATE64 1
| #define HAVE_POSIX_FALLOCATE 1
| #define HAVE_MEMMEM 1
| #define HAVE_STRSEP 1
| #define HAVE_STRTOLD 1
| #define HAVE_SYSLOG 1
| #define HAVE_VALLOC 1
| #define HAVE_GETPAGESIZE 1
| #define HAVE_POSIX_MEMALIGN 1
| #define HAVE_STATVFS 1
| #define HAVE_MKDTEMP 1
| #define HAVE_USELOCALE 1
| #define HAVE_PTHREAD 1
| /* end confdefs.h.  */
| 
| /* Override any GCC internal prototype to avoid an error.
|    Use char because int might match the return type of a GCC
|    builtin and then its argument prototype would still apply.  */
| #ifdef __cplusplus
| extern "C"
| #endif
| char cos ();
| int
| main ()
| {
| return cos ();
|   ;
|   return 0;
| }
configure:17113: gcc -o conftest -g -O2 -g -O0 -std=gnu99 -ggdb3 -Wall -W -Wpointer-arith -Wformat-security -Wundef -Wcast-align -Wstrict-prototypes -Wmissing-declarations -Wmissing-format-attribute -Wredundant-decls -Wnested-externs -Wunused-parameter -Wwrite-strings -Winline -Wfloat-equal -Wextra -Winit-self -Wvariadic-macros   conftest.c -lm   >&5
conftest.c:56:1: warning: function declaration isn't a prototype [-Wstrict-prototypes]
 char cos ();
 ^
conftest.c:56:6: warning: conflicting types for built-in function 'cos'
 char cos ();
      ^
conftest.c:58:1: warning: function declaration isn't a prototype [-Wstrict-prototypes]
 main ()
 ^
configure:17113: $? = 0
configure:17130: result: -lm
configure:17138: checking for library containing socket
configure:17169: gcc -o conftest -g -O2 -g -O0 -std=gnu99 -ggdb3 -Wall -W -Wpointer-arith -Wformat-security -Wundef -Wcast-align -Wstrict-prototypes -Wmissing-declarations -Wmissing-format-attribute -Wredundant-decls -Wnested-externs -Wunused-parameter -Wwrite-strings -Winline -Wfloat-equal -Wextra -Winit-self -Wvariadic-macros   conftest.c -lm  >&5
conftest.c:56:1: warning: function declaration isn't a prototype [-Wstrict-prototypes]
 char socket ();
 ^
conftest.c:58:1: warning: function declaration isn't a prototype [-Wstrict-prototypes]
 main ()
 ^
configure:17169: $? = 0
configure:17186: result: none required
configure:17194: checking for library containing gethostbyname
configure:17225: gcc -o conftest -g -O2 -g -O0 -std=gnu99 -ggdb3 -Wall -W -Wpointer-arith -Wformat-security -Wundef -Wcast-align -Wstrict-prototypes -Wmissing-declarations -Wmissing-format-attribute -Wredundant-decls -Wnested-externs -Wunused-parameter -Wwrite-strings -Winline -Wfloat-equal -Wextra -Winit-self -Wvariadic-macros   conftest.c -lm  >&5
conftest.c:56:1: warning: function declaration isn't a prototype [-Wstrict-prototypes]
 char gethostbyname ();
 ^
conftest.c:58:1: warning: function declaration isn't a prototype [-Wstrict-prototypes]
 main ()
 ^
configure:17225: $? = 0
configure:17242: result: none required
configure:17250: checking for library containing quotacursor_skipidtype
configure:17281: gcc -o conftest -g -O2 -g -O0 -std=gnu99 -ggdb3 -Wall -W -Wpointer-arith -Wformat-security -Wundef -Wcast-align -Wstrict-prototypes -Wmissing-declarations -Wmissing-format-attribute -Wredundant-decls -Wnested-externs -Wunused-parameter -Wwrite-strings -Winline -Wfloat-equal -Wextra -Winit-self -Wvariadic-macros   conftest.c -lm  >&5
conftest.c:56:1: warning: function declaration isn't a prototype [-Wstrict-prototypes]
 char quotacursor_skipidtype ();
 ^
conftest.c:58:1: warning: function declaration isn't a prototype [-Wstrict-prototypes]
 main ()
 ^
/tmp/ccahFKra.o: In function `main':
/root/transmission-custom/transmission-2.84+/conftest.c:60: undefined reference to `quotacursor_skipidtype'
collect2: error: ld returned 1 exit status
configure:17281: $? = 1
configure: failed program was:
| /* confdefs.h */
| #define PACKAGE_NAME "transmission"
| #define PACKAGE_TARNAME "transmission"
| #define PACKAGE_VERSION "2.84+"
| #define PACKAGE_STRING "transmission 2.84+"
| #define PACKAGE_BUGREPORT "http://trac.transmissionbt.com/newticket"
| #define PACKAGE_URL ""
| #define PACKAGE "transmission"
| #define VERSION "2.84+"
| #define STDC_HEADERS 1
| #define HAVE_SYS_TYPES_H 1
| #define HAVE_SYS_STAT_H 1
| #define HAVE_STDLIB_H 1
| #define HAVE_STRING_H 1
| #define HAVE_MEMORY_H 1
| #define HAVE_STRINGS_H 1
| #define HAVE_INTTYPES_H 1
| #define HAVE_STDINT_H 1
| #define HAVE_UNISTD_H 1
| #define HAVE_DLFCN_H 1
| #define LT_OBJDIR ".libs/"
| #define STDC_HEADERS 1
| #define TIME_WITH_SYS_TIME 1
| #define HAVE_STDBOOL_H 1
| #define HAVE_XLOCALE_H 1
| #define HAVE_ICONV 1
| #define HAVE_PREAD 1
| #define HAVE_PWRITE 1
| #define HAVE_DAEMON 1
| #define HAVE_DIRNAME 1
| #define HAVE_BASENAME 1
| #define HAVE_CANONICALIZE_FILE_NAME 1
| #define HAVE_STRCASECMP 1
| #define HAVE_LOCALTIME_R 1
| #define HAVE_FALLOCATE64 1
| #define HAVE_POSIX_FALLOCATE 1
| #define HAVE_MEMMEM 1
| #define HAVE_STRSEP 1
| #define HAVE_STRTOLD 1
| #define HAVE_SYSLOG 1
| #define HAVE_VALLOC 1
| #define HAVE_GETPAGESIZE 1
| #define HAVE_POSIX_MEMALIGN 1
| #define HAVE_STATVFS 1
| #define HAVE_MKDTEMP 1
| #define HAVE_USELOCALE 1
| #define HAVE_PTHREAD 1
| /* end confdefs.h.  */
| 
| /* Override any GCC internal prototype to avoid an error.
|    Use char because int might match the return type of a GCC
|    builtin and then its argument prototype would still apply.  */
| #ifdef __cplusplus
| extern "C"
| #endif
| char quotacursor_skipidtype ();
| int
| main ()
| {
| return quotacursor_skipidtype ();
|   ;
|   return 0;
| }
configure:17281: gcc -o conftest -g -O2 -g -O0 -std=gnu99 -ggdb3 -Wall -W -Wpointer-arith -Wformat-security -Wundef -Wcast-align -Wstrict-prototypes -Wmissing-declarations -Wmissing-format-attribute -Wredundant-decls -Wnested-externs -Wunused-parameter -Wwrite-strings -Winline -Wfloat-equal -Wextra -Winit-self -Wvariadic-macros   conftest.c -lquota  -lm  >&5
conftest.c:56:1: warning: function declaration isn't a prototype [-Wstrict-prototypes]
 char quotacursor_skipidtype ();
 ^
conftest.c:58:1: warning: function declaration isn't a prototype [-Wstrict-prototypes]
 main ()
 ^
/usr/bin/ld: cannot find -lquota
collect2: error: ld returned 1 exit status
configure:17281: $? = 1
configure: failed program was:
| /* confdefs.h */
| #define PACKAGE_NAME "transmission"
| #define PACKAGE_TARNAME "transmission"
| #define PACKAGE_VERSION "2.84+"
| #define PACKAGE_STRING "transmission 2.84+"
| #define PACKAGE_BUGREPORT "http://trac.transmissionbt.com/newticket"
| #define PACKAGE_URL ""
| #define PACKAGE "transmission"
| #define VERSION "2.84+"
| #define STDC_HEADERS 1
| #define HAVE_SYS_TYPES_H 1
| #define HAVE_SYS_STAT_H 1
| #define HAVE_STDLIB_H 1
| #define HAVE_STRING_H 1
| #define HAVE_MEMORY_H 1
| #define HAVE_STRINGS_H 1
| #define HAVE_INTTYPES_H 1
| #define HAVE_STDINT_H 1
| #define HAVE_UNISTD_H 1
| #define HAVE_DLFCN_H 1
| #define LT_OBJDIR ".libs/"
| #define STDC_HEADERS 1
| #define TIME_WITH_SYS_TIME 1
| #define HAVE_STDBOOL_H 1
| #define HAVE_XLOCALE_H 1
| #define HAVE_ICONV 1
| #define HAVE_PREAD 1
| #define HAVE_PWRITE 1
| #define HAVE_DAEMON 1
| #define HAVE_DIRNAME 1
| #define HAVE_BASENAME 1
| #define HAVE_CANONICALIZE_FILE_NAME 1
| #define HAVE_STRCASECMP 1
| #define HAVE_LOCALTIME_R 1
| #define HAVE_FALLOCATE64 1
| #define HAVE_POSIX_FALLOCATE 1
| #define HAVE_MEMMEM 1
| #define HAVE_STRSEP 1
| #define HAVE_STRTOLD 1
| #define HAVE_SYSLOG 1
| #define HAVE_VALLOC 1
| #define HAVE_GETPAGESIZE 1
| #define HAVE_POSIX_MEMALIGN 1
| #define HAVE_STATVFS 1
| #define HAVE_MKDTEMP 1
| #define HAVE_USELOCALE 1
| #define HAVE_PTHREAD 1
| /* end confdefs.h.  */
| 
| /* Override any GCC internal prototype to avoid an error.
|    Use char because int might match the return type of a GCC
|    builtin and then its argument prototype would still apply.  */
| #ifdef __cplusplus
| extern "C"
| #endif
| char quotacursor_skipidtype ();
| int
| main ()
| {
| return quotacursor_skipidtype ();
|   ;
|   return 0;
| }
configure:17298: result: no
configure:17355: checking for pkg-config
configure:17373: found /usr/bin/pkg-config
configure:17385: result: /usr/bin/pkg-config
configure:17410: checking pkg-config is at least version 0.9.0
configure:17413: result: yes
configure:17424: checking for LIBCURL
configure:17432: $PKG_CONFIG --exists --print-errors "libcurl >= $CURL_MINIMUM"
configure:17435: $? = 0
configure:17450: $PKG_CONFIG --exists --print-errors "libcurl >= $CURL_MINIMUM"
configure:17453: $? = 0
configure:17508: result: yes
configure:17514: checking for LIBEVENT
configure:17522: $PKG_CONFIG --exists --print-errors "libevent >= $LIBEVENT_MINIMUM"
configure:17525: $? = 0
configure:17540: $PKG_CONFIG --exists --print-errors "libevent >= $LIBEVENT_MINIMUM"
configure:17543: $? = 0
configure:17598: result: yes
configure:17604: checking for ZLIB
configure:17612: $PKG_CONFIG --exists --print-errors "zlib >= $ZLIB_MINIMUM"
configure:17615: $? = 0
configure:17630: $PKG_CONFIG --exists --print-errors "zlib >= $ZLIB_MINIMUM"
configure:17633: $? = 0
configure:17688: result: yes
configure:17707: checking for OPENSSL
configure:17715: $PKG_CONFIG --exists --print-errors "openssl >= $OPENSSL_MINIMUM"
configure:17718: $? = 0
configure:17733: $PKG_CONFIG --exists --print-errors "openssl >= $OPENSSL_MINIMUM"
configure:17736: $? = 0
configure:17780: result: yes
configure:18145: checking for special C compiler options needed for large files
configure:18190: result: no
configure:18196: checking for _FILE_OFFSET_BITS value needed for large files
configure:18221: gcc -c -g -O2 -g -O0 -std=gnu99 -ggdb3 -Wall -W -Wpointer-arith -Wformat-security -Wundef -Wcast-align -Wstrict-prototypes -Wmissing-declarations -Wmissing-format-attribute -Wredundant-decls -Wnested-externs -Wunused-parameter -Wwrite-strings -Winline -Wfloat-equal -Wextra -Winit-self -Wvariadic-macros  conftest.c >&5
conftest.c:59:1: warning: function declaration isn't a prototype [-Wstrict-prototypes]
 main ()
 ^
configure:18221: $? = 0
configure:18253: result: no
configure:18341: checking for library containing getmntent
configure:18372: gcc -o conftest -g -O2 -g -O0 -std=gnu99 -ggdb3 -Wall -W -Wpointer-arith -Wformat-security -Wundef -Wcast-align -Wstrict-prototypes -Wmissing-declarations -Wmissing-format-attribute -Wredundant-decls -Wnested-externs -Wunused-parameter -Wwrite-strings -Winline -Wfloat-equal -Wextra -Winit-self -Wvariadic-macros   conftest.c -lm  >&5
conftest.c:56:1: warning: function declaration isn't a prototype [-Wstrict-prototypes]
 char getmntent ();
 ^
conftest.c:58:1: warning: function declaration isn't a prototype [-Wstrict-prototypes]
 main ()
 ^
configure:18372: $? = 0
configure:18389: result: none required
configure:18405: checking whether posix_fadvise is declared
configure:18405: gcc -c -g -O2 -g -O0 -std=gnu99 -ggdb3 -Wall -W -Wpointer-arith -Wformat-security -Wundef -Wcast-align -Wstrict-prototypes -Wmissing-declarations -Wmissing-format-attribute -Wredundant-decls -Wnested-externs -Wunused-parameter -Wwrite-strings -Winline -Wfloat-equal -Wextra -Winit-self -Wvariadic-macros  conftest.c >&5
conftest.c:55:1: warning: function declaration isn't a prototype [-Wstrict-prototypes]
 main ()
 ^
configure:18405: $? = 0
configure:18405: result: yes
configure:18421: checking for posix_fadvise
configure:18421: gcc -o conftest -g -O2 -g -O0 -std=gnu99 -ggdb3 -Wall -W -Wpointer-arith -Wformat-security -Wundef -Wcast-align -Wstrict-prototypes -Wmissing-declarations -Wmissing-format-attribute -Wredundant-decls -Wnested-externs -Wunused-parameter -Wwrite-strings -Winline -Wfloat-equal -Wextra -Winit-self -Wvariadic-macros   conftest.c -lm  >&5
conftest.c:74:1: warning: function declaration isn't a prototype [-Wstrict-prototypes]
 char posix_fadvise ();
 ^
conftest.c:83:1: warning: function declaration isn't a prototype [-Wstrict-prototypes]
 main ()
 ^
configure:18421: $? = 0
configure:18421: result: yes
configure:18443: checking sys/inotify.h usability
configure:18443: gcc -c -g -O2 -g -O0 -std=gnu99 -ggdb3 -Wall -W -Wpointer-arith -Wformat-security -Wundef -Wcast-align -Wstrict-prototypes -Wmissing-declarations -Wmissing-format-attribute -Wredundant-decls -Wnested-externs -Wunused-parameter -Wwrite-strings -Winline -Wfloat-equal -Wextra -Winit-self -Wvariadic-macros  conftest.c >&5
configure:18443: $? = 0
configure:18443: result: yes
configure:18443: checking sys/inotify.h presence
configure:18443: gcc -E  conftest.c
configure:18443: $? = 0
configure:18443: result: yes
configure:18443: checking for sys/inotify.h
configure:18443: result: yes
configure:18445: checking for inotify_init
configure:18445: gcc -o conftest -g -O2 -g -O0 -std=gnu99 -ggdb3 -Wall -W -Wpointer-arith -Wformat-security -Wundef -Wcast-align -Wstrict-prototypes -Wmissing-declarations -Wmissing-format-attribute -Wredundant-decls -Wnested-externs -Wunused-parameter -Wwrite-strings -Winline -Wfloat-equal -Wextra -Winit-self -Wvariadic-macros   conftest.c -lm  >&5
conftest.c:75:1: warning: function declaration isn't a prototype [-Wstrict-prototypes]
 char inotify_init ();
 ^
conftest.c:84:1: warning: function declaration isn't a prototype [-Wstrict-prototypes]
 main ()
 ^
configure:18445: $? = 0
configure:18445: result: yes
configure:18477: checking sys/event.h usability
configure:18477: gcc -c -g -O2 -g -O0 -std=gnu99 -ggdb3 -Wall -W -Wpointer-arith -Wformat-security -Wundef -Wcast-align -Wstrict-prototypes -Wmissing-declarations -Wmissing-format-attribute -Wredundant-decls -Wnested-externs -Wunused-parameter -Wwrite-strings -Winline -Wfloat-equal -Wextra -Winit-self -Wvariadic-macros  conftest.c >&5
conftest.c:85:23: fatal error: sys/event.h: No such file or directory
 #include <sys/event.h>
                       ^
compilation terminated.
configure:18477: $? = 1
configure: failed program was:
| /* confdefs.h */
| #define PACKAGE_NAME "transmission"
| #define PACKAGE_TARNAME "transmission"
| #define PACKAGE_VERSION "2.84+"
| #define PACKAGE_STRING "transmission 2.84+"
| #define PACKAGE_BUGREPORT "http://trac.transmissionbt.com/newticket"
| #define PACKAGE_URL ""
| #define PACKAGE "transmission"
| #define VERSION "2.84+"
| #define STDC_HEADERS 1
| #define HAVE_SYS_TYPES_H 1
| #define HAVE_SYS_STAT_H 1
| #define HAVE_STDLIB_H 1
| #define HAVE_STRING_H 1
| #define HAVE_MEMORY_H 1
| #define HAVE_STRINGS_H 1
| #define HAVE_INTTYPES_H 1
| #define HAVE_STDINT_H 1
| #define HAVE_UNISTD_H 1
| #define HAVE_DLFCN_H 1
| #define LT_OBJDIR ".libs/"
| #define STDC_HEADERS 1
| #define TIME_WITH_SYS_TIME 1
| #define HAVE_STDBOOL_H 1
| #define HAVE_XLOCALE_H 1
| #define HAVE_ICONV 1
| #define HAVE_PREAD 1
| #define HAVE_PWRITE 1
| #define HAVE_DAEMON 1
| #define HAVE_DIRNAME 1
| #define HAVE_BASENAME 1
| #define HAVE_CANONICALIZE_FILE_NAME 1
| #define HAVE_STRCASECMP 1
| #define HAVE_LOCALTIME_R 1
| #define HAVE_FALLOCATE64 1
| #define HAVE_POSIX_FALLOCATE 1
| #define HAVE_MEMMEM 1
| #define HAVE_STRSEP 1
| #define HAVE_STRTOLD 1
| #define HAVE_SYSLOG 1
| #define HAVE_VALLOC 1
| #define HAVE_GETPAGESIZE 1
| #define HAVE_POSIX_MEMALIGN 1
| #define HAVE_STATVFS 1
| #define HAVE_MKDTEMP 1
| #define HAVE_USELOCALE 1
| #define HAVE_PTHREAD 1
| #define HAVE_GETMNTENT 1
| #define HAVE_DECL_POSIX_FADVISE 1
| #define HAVE_POSIX_FADVISE 1
| /* end confdefs.h.  */
| #include <stdio.h>
| #ifdef HAVE_SYS_TYPES_H
| # include <sys/types.h>
| #endif
| #ifdef HAVE_SYS_STAT_H
| # include <sys/stat.h>
| #endif
| #ifdef STDC_HEADERS
| # include <stdlib.h>
| # include <stddef.h>
| #else
| # ifdef HAVE_STDLIB_H
| #  include <stdlib.h>
| # endif
| #endif
| #ifdef HAVE_STRING_H
| # if !defined STDC_HEADERS && defined HAVE_MEMORY_H
| #  include <memory.h>
| # endif
| # include <string.h>
| #endif
| #ifdef HAVE_STRINGS_H
| # include <strings.h>
| #endif
| #ifdef HAVE_INTTYPES_H
| # include <inttypes.h>
| #endif
| #ifdef HAVE_STDINT_H
| # include <stdint.h>
| #endif
| #ifdef HAVE_UNISTD_H
| # include <unistd.h>
| #endif
| #include <sys/event.h>
configure:18477: result: no
configure:18477: checking sys/event.h presence
configure:18477: gcc -E  conftest.c
conftest.c:52:23: fatal error: sys/event.h: No such file or directory
 #include <sys/event.h>
                       ^
compilation terminated.
configure:18477: $? = 1
configure: failed program was:
| /* confdefs.h */
| #define PACKAGE_NAME "transmission"
| #define PACKAGE_TARNAME "transmission"
| #define PACKAGE_VERSION "2.84+"
| #define PACKAGE_STRING "transmission 2.84+"
| #define PACKAGE_BUGREPORT "http://trac.transmissionbt.com/newticket"
| #define PACKAGE_URL ""
| #define PACKAGE "transmission"
| #define VERSION "2.84+"
| #define STDC_HEADERS 1
| #define HAVE_SYS_TYPES_H 1
| #define HAVE_SYS_STAT_H 1
| #define HAVE_STDLIB_H 1
| #define HAVE_STRING_H 1
| #define HAVE_MEMORY_H 1
| #define HAVE_STRINGS_H 1
| #define HAVE_INTTYPES_H 1
| #define HAVE_STDINT_H 1
| #define HAVE_UNISTD_H 1
| #define HAVE_DLFCN_H 1
| #define LT_OBJDIR ".libs/"
| #define STDC_HEADERS 1
| #define TIME_WITH_SYS_TIME 1
| #define HAVE_STDBOOL_H 1
| #define HAVE_XLOCALE_H 1
| #define HAVE_ICONV 1
| #define HAVE_PREAD 1
| #define HAVE_PWRITE 1
| #define HAVE_DAEMON 1
| #define HAVE_DIRNAME 1
| #define HAVE_BASENAME 1
| #define HAVE_CANONICALIZE_FILE_NAME 1
| #define HAVE_STRCASECMP 1
| #define HAVE_LOCALTIME_R 1
| #define HAVE_FALLOCATE64 1
| #define HAVE_POSIX_FALLOCATE 1
| #define HAVE_MEMMEM 1
| #define HAVE_STRSEP 1
| #define HAVE_STRTOLD 1
| #define HAVE_SYSLOG 1
| #define HAVE_VALLOC 1
| #define HAVE_GETPAGESIZE 1
| #define HAVE_POSIX_MEMALIGN 1
| #define HAVE_STATVFS 1
| #define HAVE_MKDTEMP 1
| #define HAVE_USELOCALE 1
| #define HAVE_PTHREAD 1
| #define HAVE_GETMNTENT 1
| #define HAVE_DECL_POSIX_FADVISE 1
| #define HAVE_POSIX_FADVISE 1
| /* end confdefs.h.  */
| #include <sys/event.h>
configure:18477: result: no
configure:18477: checking for sys/event.h
configure:18477: result: no
configure:18506: checking sys/statvfs.h usability
configure:18506: gcc -c -g -O2 -g -O0 -std=gnu99 -ggdb3 -Wall -W -Wpointer-arith -Wformat-security -Wundef -Wcast-align -Wstrict-prototypes -Wmissing-declarations -Wmissing-format-attribute -Wredundant-decls -Wnested-externs -Wunused-parameter -Wwrite-strings -Winline -Wfloat-equal -Wextra -Winit-self -Wvariadic-macros  conftest.c >&5
configure:18506: $? = 0
configure:18506: result: yes
configure:18506: checking sys/statvfs.h presence
configure:18506: gcc -E  conftest.c
configure:18506: $? = 0
configure:18506: result: yes
configure:18506: checking for sys/statvfs.h
configure:18506: result: yes
configure:18506: checking xfs/xfs.h usability
configure:18506: gcc -c -g -O2 -g -O0 -std=gnu99 -ggdb3 -Wall -W -Wpointer-arith -Wformat-security -Wundef -Wcast-align -Wstrict-prototypes -Wmissing-declarations -Wmissing-format-attribute -Wredundant-decls -Wnested-externs -Wunused-parameter -Wwrite-strings -Winline -Wfloat-equal -Wextra -Winit-self -Wvariadic-macros  conftest.c >&5
conftest.c:86:21: fatal error: xfs/xfs.h: No such file or directory
 #include <xfs/xfs.h>
                     ^
compilation terminated.
configure:18506: $? = 1
configure: failed program was:
| /* confdefs.h */
| #define PACKAGE_NAME "transmission"
| #define PACKAGE_TARNAME "transmission"
| #define PACKAGE_VERSION "2.84+"
| #define PACKAGE_STRING "transmission 2.84+"
| #define PACKAGE_BUGREPORT "http://trac.transmissionbt.com/newticket"
| #define PACKAGE_URL ""
| #define PACKAGE "transmission"
| #define VERSION "2.84+"
| #define STDC_HEADERS 1
| #define HAVE_SYS_TYPES_H 1
| #define HAVE_SYS_STAT_H 1
| #define HAVE_STDLIB_H 1
| #define HAVE_STRING_H 1
| #define HAVE_MEMORY_H 1
| #define HAVE_STRINGS_H 1
| #define HAVE_INTTYPES_H 1
| #define HAVE_STDINT_H 1
| #define HAVE_UNISTD_H 1
| #define HAVE_DLFCN_H 1
| #define LT_OBJDIR ".libs/"
| #define STDC_HEADERS 1
| #define TIME_WITH_SYS_TIME 1
| #define HAVE_STDBOOL_H 1
| #define HAVE_XLOCALE_H 1
| #define HAVE_ICONV 1
| #define HAVE_PREAD 1
| #define HAVE_PWRITE 1
| #define HAVE_DAEMON 1
| #define HAVE_DIRNAME 1
| #define HAVE_BASENAME 1
| #define HAVE_CANONICALIZE_FILE_NAME 1
| #define HAVE_STRCASECMP 1
| #define HAVE_LOCALTIME_R 1
| #define HAVE_FALLOCATE64 1
| #define HAVE_POSIX_FALLOCATE 1
| #define HAVE_MEMMEM 1
| #define HAVE_STRSEP 1
| #define HAVE_STRTOLD 1
| #define HAVE_SYSLOG 1
| #define HAVE_VALLOC 1
| #define HAVE_GETPAGESIZE 1
| #define HAVE_POSIX_MEMALIGN 1
| #define HAVE_STATVFS 1
| #define HAVE_MKDTEMP 1
| #define HAVE_USELOCALE 1
| #define HAVE_PTHREAD 1
| #define HAVE_GETMNTENT 1
| #define HAVE_DECL_POSIX_FADVISE 1
| #define HAVE_POSIX_FADVISE 1
| #define HAVE_SYS_STATVFS_H 1
| /* end confdefs.h.  */
| #include <stdio.h>
| #ifdef HAVE_SYS_TYPES_H
| # include <sys/types.h>
| #endif
| #ifdef HAVE_SYS_STAT_H
| # include <sys/stat.h>
| #endif
| #ifdef STDC_HEADERS
| # include <stdlib.h>
| # include <stddef.h>
| #else
| # ifdef HAVE_STDLIB_H
| #  include <stdlib.h>
| # endif
| #endif
| #ifdef HAVE_STRING_H
| # if !defined STDC_HEADERS && defined HAVE_MEMORY_H
| #  include <memory.h>
| # endif
| # include <string.h>
| #endif
| #ifdef HAVE_STRINGS_H
| # include <strings.h>
| #endif
| #ifdef HAVE_INTTYPES_H
| # include <inttypes.h>
| #endif
| #ifdef HAVE_STDINT_H
| # include <stdint.h>
| #endif
| #ifdef HAVE_UNISTD_H
| # include <unistd.h>
| #endif
| #include <xfs/xfs.h>
configure:18506: result: no
configure:18506: checking xfs/xfs.h presence
configure:18506: gcc -E  conftest.c
conftest.c:53:21: fatal error: xfs/xfs.h: No such file or directory
 #include <xfs/xfs.h>
                     ^
compilation terminated.
configure:18506: $? = 1
configure: failed program was:
| /* confdefs.h */
| #define PACKAGE_NAME "transmission"
| #define PACKAGE_TARNAME "transmission"
| #define PACKAGE_VERSION "2.84+"
| #define PACKAGE_STRING "transmission 2.84+"
| #define PACKAGE_BUGREPORT "http://trac.transmissionbt.com/newticket"
| #define PACKAGE_URL ""
| #define PACKAGE "transmission"
| #define VERSION "2.84+"
| #define STDC_HEADERS 1
| #define HAVE_SYS_TYPES_H 1
| #define HAVE_SYS_STAT_H 1
| #define HAVE_STDLIB_H 1
| #define HAVE_STRING_H 1
| #define HAVE_MEMORY_H 1
| #define HAVE_STRINGS_H 1
| #define HAVE_INTTYPES_H 1
| #define HAVE_STDINT_H 1
| #define HAVE_UNISTD_H 1
| #define HAVE_DLFCN_H 1
| #define LT_OBJDIR ".libs/"
| #define STDC_HEADERS 1
| #define TIME_WITH_SYS_TIME 1
| #define HAVE_STDBOOL_H 1
| #define HAVE_XLOCALE_H 1
| #define HAVE_ICONV 1
| #define HAVE_PREAD 1
| #define HAVE_PWRITE 1
| #define HAVE_DAEMON 1
| #define HAVE_DIRNAME 1
| #define HAVE_BASENAME 1
| #define HAVE_CANONICALIZE_FILE_NAME 1
| #define HAVE_STRCASECMP 1
| #define HAVE_LOCALTIME_R 1
| #define HAVE_FALLOCATE64 1
| #define HAVE_POSIX_FALLOCATE 1
| #define HAVE_MEMMEM 1
| #define HAVE_STRSEP 1
| #define HAVE_STRTOLD 1
| #define HAVE_SYSLOG 1
| #define HAVE_VALLOC 1
| #define HAVE_GETPAGESIZE 1
| #define HAVE_POSIX_MEMALIGN 1
| #define HAVE_STATVFS 1
| #define HAVE_MKDTEMP 1
| #define HAVE_USELOCALE 1
| #define HAVE_PTHREAD 1
| #define HAVE_GETMNTENT 1
| #define HAVE_DECL_POSIX_FADVISE 1
| #define HAVE_POSIX_FADVISE 1
| #define HAVE_SYS_STATVFS_H 1
| /* end confdefs.h.  */
| #include <xfs/xfs.h>
configure:18506: result: no
configure:18506: checking for xfs/xfs.h
configure:18506: result: no
configure:18533: checking for SYSTEMD_DAEMON
configure:18541: $PKG_CONFIG --exists --print-errors "libsystemd-daemon"
configure:18544: $? = 0
configure:18559: $PKG_CONFIG --exists --print-errors "libsystemd-daemon"
configure:18562: $? = 0
configure:18606: result: yes
configure:18681: checking for clock_gettime in -lrt
configure:18706: gcc -o conftest -g -O2 -g -O0 -std=gnu99 -ggdb3 -Wall -W -Wpointer-arith -Wformat-security -Wundef -Wcast-align -Wstrict-prototypes -Wmissing-declarations -Wmissing-format-attribute -Wredundant-decls -Wnested-externs -Wunused-parameter -Wwrite-strings -Winline -Wfloat-equal -Wextra -Winit-self -Wvariadic-macros   conftest.c -lrt  -lm  >&5
conftest.c:61:1: warning: function declaration isn't a prototype [-Wstrict-prototypes]
 char clock_gettime ();
 ^
conftest.c:63:1: warning: function declaration isn't a prototype [-Wstrict-prototypes]
 main ()
 ^
configure:18706: $? = 0
configure:18715: result: yes
configure:18724: checking TP
configure:18741: gcc -o conftest -g -O2 -g -O0 -std=gnu99 -ggdb3 -Wall -W -Wpointer-arith -Wformat-security -Wundef -Wcast-align -Wstrict-prototypes -Wmissing-declarations -Wmissing-format-attribute -Wredundant-decls -Wnested-externs -Wunused-parameter -Wwrite-strings -Winline -Wfloat-equal -Wextra -Winit-self -Wvariadic-macros   conftest.c -lutp >&5
conftest.c:54:24: fatal error: libutp/utp.h: No such file or directory
 #include <libutp/utp.h>
                        ^
compilation terminated.
configure:18741: $? = 1
configure: failed program was:
| /* confdefs.h */
| #define PACKAGE_NAME "transmission"
| #define PACKAGE_TARNAME "transmission"
| #define PACKAGE_VERSION "2.84+"
| #define PACKAGE_STRING "transmission 2.84+"
| #define PACKAGE_BUGREPORT "http://trac.transmissionbt.com/newticket"
| #define PACKAGE_URL ""
| #define PACKAGE "transmission"
| #define VERSION "2.84+"
| #define STDC_HEADERS 1
| #define HAVE_SYS_TYPES_H 1
| #define HAVE_SYS_STAT_H 1
| #define HAVE_STDLIB_H 1
| #define HAVE_STRING_H 1
| #define HAVE_MEMORY_H 1
| #define HAVE_STRINGS_H 1
| #define HAVE_INTTYPES_H 1
| #define HAVE_STDINT_H 1
| #define HAVE_UNISTD_H 1
| #define HAVE_DLFCN_H 1
| #define LT_OBJDIR ".libs/"
| #define STDC_HEADERS 1
| #define TIME_WITH_SYS_TIME 1
| #define HAVE_STDBOOL_H 1
| #define HAVE_XLOCALE_H 1
| #define HAVE_ICONV 1
| #define HAVE_PREAD 1
| #define HAVE_PWRITE 1
| #define HAVE_DAEMON 1
| #define HAVE_DIRNAME 1
| #define HAVE_BASENAME 1
| #define HAVE_CANONICALIZE_FILE_NAME 1
| #define HAVE_STRCASECMP 1
| #define HAVE_LOCALTIME_R 1
| #define HAVE_FALLOCATE64 1
| #define HAVE_POSIX_FALLOCATE 1
| #define HAVE_MEMMEM 1
| #define HAVE_STRSEP 1
| #define HAVE_STRTOLD 1
| #define HAVE_SYSLOG 1
| #define HAVE_VALLOC 1
| #define HAVE_GETPAGESIZE 1
| #define HAVE_POSIX_MEMALIGN 1
| #define HAVE_STATVFS 1
| #define HAVE_MKDTEMP 1
| #define HAVE_USELOCALE 1
| #define HAVE_PTHREAD 1
| #define HAVE_GETMNTENT 1
| #define HAVE_DECL_POSIX_FADVISE 1
| #define HAVE_POSIX_FADVISE 1
| #define HAVE_SYS_STATVFS_H 1
| #define USE_SYSTEMD_DAEMON 1
| /* end confdefs.h.  */
| #include <libutp/utp.h>
| int
| main ()
| {
| struct UTPFunctionTable func;
|   ;
|   return 0;
| }
configure:18798: result: yes
configure:18805: checking system miniupnpc library
configure:18819: gcc -o conftest -g -O2 -g -O0 -std=gnu99 -ggdb3 -Wall -W -Wpointer-arith -Wformat-security -Wundef -Wcast-align -Wstrict-prototypes -Wmissing-declarations -Wmissing-format-attribute -Wredundant-decls -Wnested-externs -Wunused-parameter -Wwrite-strings -Winline -Wfloat-equal -Wextra -Winit-self -Wvariadic-macros   conftest.c -lminiupnpc >&5
conftest.c:55:33: fatal error: miniupnpc/miniupnpc.h: No such file or directory
 #include <miniupnpc/miniupnpc.h>
                                 ^
compilation terminated.
configure:18819: $? = 1
configure: failed program was:
| /* confdefs.h */
| #define PACKAGE_NAME "transmission"
| #define PACKAGE_TARNAME "transmission"
| #define PACKAGE_VERSION "2.84+"
| #define PACKAGE_STRING "transmission 2.84+"
| #define PACKAGE_BUGREPORT "http://trac.transmissionbt.com/newticket"
| #define PACKAGE_URL ""
| #define PACKAGE "transmission"
| #define VERSION "2.84+"
| #define STDC_HEADERS 1
| #define HAVE_SYS_TYPES_H 1
| #define HAVE_SYS_STAT_H 1
| #define HAVE_STDLIB_H 1
| #define HAVE_STRING_H 1
| #define HAVE_MEMORY_H 1
| #define HAVE_STRINGS_H 1
| #define HAVE_INTTYPES_H 1
| #define HAVE_STDINT_H 1
| #define HAVE_UNISTD_H 1
| #define HAVE_DLFCN_H 1
| #define LT_OBJDIR ".libs/"
| #define STDC_HEADERS 1
| #define TIME_WITH_SYS_TIME 1
| #define HAVE_STDBOOL_H 1
| #define HAVE_XLOCALE_H 1
| #define HAVE_ICONV 1
| #define HAVE_PREAD 1
| #define HAVE_PWRITE 1
| #define HAVE_DAEMON 1
| #define HAVE_DIRNAME 1
| #define HAVE_BASENAME 1
| #define HAVE_CANONICALIZE_FILE_NAME 1
| #define HAVE_STRCASECMP 1
| #define HAVE_LOCALTIME_R 1
| #define HAVE_FALLOCATE64 1
| #define HAVE_POSIX_FALLOCATE 1
| #define HAVE_MEMMEM 1
| #define HAVE_STRSEP 1
| #define HAVE_STRTOLD 1
| #define HAVE_SYSLOG 1
| #define HAVE_VALLOC 1
| #define HAVE_GETPAGESIZE 1
| #define HAVE_POSIX_MEMALIGN 1
| #define HAVE_STATVFS 1
| #define HAVE_MKDTEMP 1
| #define HAVE_USELOCALE 1
| #define HAVE_PTHREAD 1
| #define HAVE_GETMNTENT 1
| #define HAVE_DECL_POSIX_FADVISE 1
| #define HAVE_POSIX_FADVISE 1
| #define HAVE_SYS_STATVFS_H 1
| #define USE_SYSTEMD_DAEMON 1
| #define WITH_UTP 1
| /* end confdefs.h.  */
| #include <miniupnpc/miniupnpc.h>
| int
| main ()
| {
| struct UPNPDev dev;
|   ;
|   return 0;
| }
configure:18943: result: none
configure:19015: $PKG_CONFIG --exists --print-errors "gtk+-3.0 >= $GTK_MINIMUM
                  glib-2.0 >= $GLIB_MINIMUM
                  gio-2.0 >= $GIO_MINIMUM,
                  gmodule-2.0 >= $GLIB_MINIMUM
                  gthread-2.0 >= $GLIB_MINIMUM"
Package gtk+-3.0 was not found in the pkg-config search path.
Perhaps you should add the directory containing `gtk+-3.0.pc'
to the PKG_CONFIG_PATH environment variable
No package 'gtk+-3.0' found
configure:19022: $? = 1
configure:19263: checking whether NLS is requested
configure:19272: result: yes
configure:19290: checking for intltool >= 0.35.0
configure:19292: result: 0.50.2 found
configure:19300: checking for intltool-update
configure:19318: found /usr/bin/intltool-update
configure:19330: result: /usr/bin/intltool-update
configure:19340: checking for intltool-merge
configure:19358: found /usr/bin/intltool-merge
configure:19370: result: /usr/bin/intltool-merge
configure:19380: checking for intltool-extract
configure:19398: found /usr/bin/intltool-extract
configure:19410: result: /usr/bin/intltool-extract
configure:19564: checking for xgettext
configure:19582: found /usr/bin/xgettext
configure:19594: result: /usr/bin/xgettext
configure:19604: checking for msgmerge
configure:19622: found /usr/bin/msgmerge
configure:19634: result: /usr/bin/msgmerge
configure:19644: checking for msgfmt
configure:19662: found /usr/bin/msgfmt
configure:19674: result: /usr/bin/msgfmt
configure:19684: checking for gmsgfmt
configure:19715: result: /usr/bin/msgfmt
configure:19735: checking for perl
configure:19753: found /usr/bin/perl
configure:19765: result: /usr/bin/perl
configure:19776: checking for perl >= 5.8.1
configure:19783: result: 5.20.2
configure:19815: gcc -o conftest -g -O2 -g -O0 -std=gnu99 -ggdb3 -Wall -W -Wpointer-arith -Wformat-security -Wundef -Wcast-align -Wstrict-prototypes -Wmissing-declarations -Wmissing-format-attribute -Wredundant-decls -Wnested-externs -Wunused-parameter -Wwrite-strings -Winline -Wfloat-equal -Wextra -Winit-self -Wvariadic-macros   conftest.c -lm  >&5
conftest.c:57:1: warning: function declaration isn't a prototype [-Wstrict-prototypes]
 main ()
 ^
conftest.c: In function 'main':
conftest.c:59:1: warning: nested extern declaration of '_nl_msg_cat_cntr' [-Wnested-externs]
 extern int _nl_msg_cat_cntr;
 ^
configure:19815: $? = 0
configure:19843: checking libintl.h usability
configure:19843: gcc -c -g -O2 -g -O0 -std=gnu99 -ggdb3 -Wall -W -Wpointer-arith -Wformat-security -Wundef -Wcast-align -Wstrict-prototypes -Wmissing-declarations -Wmissing-format-attribute -Wredundant-decls -Wnested-externs -Wunused-parameter -Wwrite-strings -Winline -Wfloat-equal -Wextra -Winit-self -Wvariadic-macros  conftest.c >&5
configure:19843: $? = 0
configure:19843: result: yes
configure:19843: checking libintl.h presence
configure:19843: gcc -E  conftest.c
configure:19843: $? = 0
configure:19843: result: yes
configure:19843: checking for libintl.h
configure:19843: result: yes
configure:19863: checking locale.h usability
configure:19863: gcc -c -g -O2 -g -O0 -std=gnu99 -ggdb3 -Wall -W -Wpointer-arith -Wformat-security -Wundef -Wcast-align -Wstrict-prototypes -Wmissing-declarations -Wmissing-format-attribute -Wredundant-decls -Wnested-externs -Wunused-parameter -Wwrite-strings -Winline -Wfloat-equal -Wextra -Winit-self -Wvariadic-macros  conftest.c >&5
configure:19863: $? = 0
configure:19863: result: yes
configure:19863: checking locale.h presence
configure:19863: gcc -E  conftest.c
configure:19863: $? = 0
configure:19863: result: yes
configure:19863: checking for locale.h
configure:19863: result: yes
configure:19874: checking for LC_MESSAGES
configure:19890: gcc -o conftest -g -O2 -g -O0 -std=gnu99 -ggdb3 -Wall -W -Wpointer-arith -Wformat-security -Wundef -Wcast-align -Wstrict-prototypes -Wmissing-declarations -Wmissing-format-attribute -Wredundant-decls -Wnested-externs -Wunused-parameter -Wwrite-strings -Winline -Wfloat-equal -Wextra -Winit-self -Wvariadic-macros   conftest.c -lm  >&5
conftest.c:60:1: warning: function declaration isn't a prototype [-Wstrict-prototypes]
 main ()
 ^
configure:19890: $? = 0
configure:19898: result: yes
configure:19915: checking for libintl.h
configure:19915: result: yes
configure:19923: checking for ngettext in libc
configure:19941: gcc -o conftest -g -O2 -g -O0 -std=gnu99 -ggdb3 -Wall -W -Wpointer-arith -Wformat-security -Wundef -Wcast-align -Wstrict-prototypes -Wmissing-declarations -Wmissing-format-attribute -Wredundant-decls -Wnested-externs -Wunused-parameter -Wwrite-strings -Winline -Wfloat-equal -Wextra -Winit-self -Wvariadic-macros   conftest.c -lm  >&5
conftest.c:63:1: warning: function declaration isn't a prototype [-Wstrict-prototypes]
 main ()
 ^
configure:19941: $? = 0
configure:19950: result: yes
configure:19954: checking for dgettext in libc
configure:19972: gcc -o conftest -g -O2 -g -O0 -std=gnu99 -ggdb3 -Wall -W -Wpointer-arith -Wformat-security -Wundef -Wcast-align -Wstrict-prototypes -Wmissing-declarations -Wmissing-format-attribute -Wredundant-decls -Wnested-externs -Wunused-parameter -Wwrite-strings -Winline -Wfloat-equal -Wextra -Winit-self -Wvariadic-macros   conftest.c -lm  >&5
conftest.c:63:1: warning: function declaration isn't a prototype [-Wstrict-prototypes]
 main ()
 ^
configure:19972: $? = 0
configure:19981: result: yes
configure:19988: checking for bind_textdomain_codeset
configure:19988: gcc -o conftest -g -O2 -g -O0 -std=gnu99 -ggdb3 -Wall -W -Wpointer-arith -Wformat-security -Wundef -Wcast-align -Wstrict-prototypes -Wmissing-declarations -Wmissing-format-attribute -Wredundant-decls -Wnested-externs -Wunused-parameter -Wwrite-strings -Winline -Wfloat-equal -Wextra -Winit-self -Wvariadic-macros   conftest.c -lm  >&5
conftest.c:82:1: warning: function declaration isn't a prototype [-Wstrict-prototypes]
 char bind_textdomain_codeset ();
 ^
conftest.c:91:1: warning: function declaration isn't a prototype [-Wstrict-prototypes]
 main ()
 ^
configure:19988: $? = 0
configure:19988: result: yes
configure:20264: checking for msgfmt
configure:20291: result: /usr/bin/msgfmt
configure:20302: checking for dcgettext
configure:20302: gcc -o conftest -g -O2 -g -O0 -std=gnu99 -ggdb3 -Wall -W -Wpointer-arith -Wformat-security -Wundef -Wcast-align -Wstrict-prototypes -Wmissing-declarations -Wmissing-format-attribute -Wredundant-decls -Wnested-externs -Wunused-parameter -Wwrite-strings -Winline -Wfloat-equal -Wextra -Winit-self -Wvariadic-macros   conftest.c -lm   >&5
conftest.c:84:1: warning: function declaration isn't a prototype [-Wstrict-prototypes]
 char dcgettext ();
 ^
conftest.c:84:6: warning: conflicting types for built-in function 'dcgettext'
 char dcgettext ();
      ^
conftest.c:93:1: warning: function declaration isn't a prototype [-Wstrict-prototypes]
 main ()
 ^
configure:20302: $? = 0
configure:20302: result: yes
configure:20313: checking for gmsgfmt
configure:20344: result: /usr/bin/msgfmt
configure:20354: checking for xgettext
configure:20381: result: /usr/bin/xgettext
configure:20400: gcc -o conftest -g -O2 -g -O0 -std=gnu99 -ggdb3 -Wall -W -Wpointer-arith -Wformat-security -Wundef -Wcast-align -Wstrict-prototypes -Wmissing-declarations -Wmissing-format-attribute -Wredundant-decls -Wnested-externs -Wunused-parameter -Wwrite-strings -Winline -Wfloat-equal -Wextra -Winit-self -Wvariadic-macros   conftest.c -lm   >&5
conftest.c:64:1: warning: function declaration isn't a prototype [-Wstrict-prototypes]
 main ()
 ^
conftest.c: In function 'main':
conftest.c:66:1: warning: nested extern declaration of '_nl_msg_cat_cntr' [-Wnested-externs]
 extern int _nl_msg_cat_cntr;
 ^
configure:20400: $? = 0
configure:20896: checking that generated files are newer than configure
configure:20902: result: done
configure:21005: creating ./config.status

## ---------------------- ##
## Running config.status. ##
## ---------------------- ##

This file was extended by transmission config.status 2.84+, which was
generated by GNU Autoconf 2.69.  Invocation command line was

  CONFIG_FILES    = 
  CONFIG_HEADERS  = 
  CONFIG_LINKS    = 
  CONFIG_COMMANDS = 
  $ ./config.status 

on dl26

config.status:1258: creating Makefile
config.status:1258: creating transmission-gtk.spec
config.status:1258: creating cli/Makefile
config.status:1258: creating daemon/Makefile
config.status:1258: creating extras/Makefile
config.status:1258: creating libtransmission/Makefile
config.status:1258: creating utils/Makefile
config.status:1258: creating third-party/Makefile
config.status:1258: creating third-party/dht/Makefile
config.status:1258: creating third-party/libb64/Makefile
config.status:1258: creating third-party/libutp/Makefile
config.status:1258: creating third-party/libnatpmp/Makefile
config.status:1258: creating third-party/miniupnp/Makefile
config.status:1258: creating macosx/Makefile
config.status:1258: creating gtk/Makefile
config.status:1258: creating gtk/icons/Makefile
config.status:1258: creating qt/config.pri
config.status:1258: creating web/Makefile
config.status:1258: creating web/images/Makefile
config.status:1258: creating web/style/Makefile
config.status:1258: creating web/style/jqueryui/Makefile
config.status:1258: creating web/style/jqueryui/images/Makefile
config.status:1258: creating web/style/transmission/Makefile
config.status:1258: creating web/style/transmission/images/Makefile
config.status:1258: creating web/style/transmission/images/buttons/Makefile
config.status:1258: creating web/javascript/Makefile
config.status:1258: creating web/javascript/jquery/Makefile
config.status:1258: creating po/Makefile.in
config.status:1430: executing depfiles commands
config.status:1430: executing libtool commands
config.status:1430: executing default-1 commands
config.status:1430: executing po/stamp-it commands

## ---------------- ##
## Cache variables. ##
## ---------------- ##

ac_cv_build=x86_64-unknown-linux-gnu
ac_cv_c_compiler_gnu=yes
ac_cv_c_inline=inline
ac_cv_cxx_compiler_gnu=yes
ac_cv_env_CCC_set=
ac_cv_env_CCC_value=
ac_cv_env_CC_set=
ac_cv_env_CC_value=
ac_cv_env_CFLAGS_set=
ac_cv_env_CFLAGS_value=
ac_cv_env_CPPFLAGS_set=
ac_cv_env_CPPFLAGS_value=
ac_cv_env_CPP_set=
ac_cv_env_CPP_value=
ac_cv_env_CXXCPP_set=
ac_cv_env_CXXCPP_value=
ac_cv_env_CXXFLAGS_set=
ac_cv_env_CXXFLAGS_value=
ac_cv_env_CXX_set=
ac_cv_env_CXX_value=
ac_cv_env_CYASSL_CFLAGS_set=
ac_cv_env_CYASSL_CFLAGS_value=
ac_cv_env_CYASSL_LIBS_set=
ac_cv_env_CYASSL_LIBS_value=
ac_cv_env_GTK_CFLAGS_set=
ac_cv_env_GTK_CFLAGS_value=
ac_cv_env_GTK_LIBS_set=
ac_cv_env_GTK_LIBS_value=
ac_cv_env_LDFLAGS_set=
ac_cv_env_LDFLAGS_value=
ac_cv_env_LIBAPPINDICATOR_CFLAGS_set=
ac_cv_env_LIBAPPINDICATOR_CFLAGS_value=
ac_cv_env_LIBAPPINDICATOR_LIBS_set=
ac_cv_env_LIBAPPINDICATOR_LIBS_value=
ac_cv_env_LIBCURL_CFLAGS_set=
ac_cv_env_LIBCURL_CFLAGS_value=
ac_cv_env_LIBCURL_LIBS_set=
ac_cv_env_LIBCURL_LIBS_value=
ac_cv_env_LIBEVENT_CFLAGS_set=
ac_cv_env_LIBEVENT_CFLAGS_value=
ac_cv_env_LIBEVENT_LIBS_set=
ac_cv_env_LIBEVENT_LIBS_value=
ac_cv_env_LIBS_set=
ac_cv_env_LIBS_value=
ac_cv_env_OPENSSL_CFLAGS_set=
ac_cv_env_OPENSSL_CFLAGS_value=
ac_cv_env_OPENSSL_LIBS_set=
ac_cv_env_OPENSSL_LIBS_value=
ac_cv_env_PKG_CONFIG_set=
ac_cv_env_PKG_CONFIG_value=
ac_cv_env_SYSTEMD_DAEMON_CFLAGS_set=
ac_cv_env_SYSTEMD_DAEMON_CFLAGS_value=
ac_cv_env_SYSTEMD_DAEMON_LIBS_set=
ac_cv_env_SYSTEMD_DAEMON_LIBS_value=
ac_cv_env_WOLFSSL_CFLAGS_set=
ac_cv_env_WOLFSSL_CFLAGS_value=
ac_cv_env_WOLFSSL_LIBS_set=
ac_cv_env_WOLFSSL_LIBS_value=
ac_cv_env_ZLIB_CFLAGS_set=
ac_cv_env_ZLIB_CFLAGS_value=
ac_cv_env_ZLIB_LIBS_set=
ac_cv_env_ZLIB_LIBS_value=
ac_cv_env_build_alias_set=
ac_cv_env_build_alias_value=
ac_cv_env_host_alias_set=
ac_cv_env_host_alias_value=
ac_cv_env_target_alias_set=
ac_cv_env_target_alias_value=
ac_cv_func__configthreadlocale=no
ac_cv_func_basename=yes
ac_cv_func_bind_textdomain_codeset=yes
ac_cv_func_canonicalize_file_name=yes
ac_cv_func_daemon=yes
ac_cv_func_dcgettext=yes
ac_cv_func_dirname=yes
ac_cv_func_fallocate64=yes
ac_cv_func_getmntent=yes
ac_cv_func_getpagesize=yes
ac_cv_func_htonll=no
ac_cv_func_iconv=yes
ac_cv_func_inotify_init=yes
ac_cv_func_localtime_r=yes
ac_cv_func_lrintf=no
ac_cv_func_memmem=yes
ac_cv_func_mkdtemp=yes
ac_cv_func_ntohll=no
ac_cv_func_posix_fadvise=yes
ac_cv_func_posix_fallocate=yes
ac_cv_func_posix_memalign=yes
ac_cv_func_pread=yes
ac_cv_func_pwrite=yes
ac_cv_func_statvfs=yes
ac_cv_func_strcasecmp=yes
ac_cv_func_strlcpy=no
ac_cv_func_strsep=yes
ac_cv_func_strtold=yes
ac_cv_func_syslog=yes
ac_cv_func_uselocale=yes
ac_cv_func_valloc=yes
ac_cv_have_decl_posix_fadvise=yes
ac_cv_header_dlfcn_h=yes
ac_cv_header_inttypes_h=yes
ac_cv_header_libintl_h=yes
ac_cv_header_locale_h=yes
ac_cv_header_memory_h=yes
ac_cv_header_stdbool_h=yes
ac_cv_header_stdc=yes
ac_cv_header_stdint_h=yes
ac_cv_header_stdlib_h=yes
ac_cv_header_string_h=yes
ac_cv_header_strings_h=yes
ac_cv_header_sys_event_h=no
ac_cv_header_sys_inotify_h=yes
ac_cv_header_sys_stat_h=yes
ac_cv_header_sys_statvfs_h=yes
ac_cv_header_sys_types_h=yes
ac_cv_header_time=yes
ac_cv_header_unistd_h=yes
ac_cv_header_xfs_xfs_h=no
ac_cv_header_xlocale_h=yes
ac_cv_host=x86_64-unknown-linux-gnu
ac_cv_lib_m_cos=yes
ac_cv_lib_rt_clock_gettime=yes
ac_cv_objext=o
ac_cv_path_EGREP='/bin/grep -E'
ac_cv_path_FGREP='/bin/grep -F'
ac_cv_path_GMSGFMT=/usr/bin/msgfmt
ac_cv_path_GREP=/bin/grep
ac_cv_path_INTLTOOL_EXTRACT=/usr/bin/intltool-extract
ac_cv_path_INTLTOOL_MERGE=/usr/bin/intltool-merge
ac_cv_path_INTLTOOL_PERL=/usr/bin/perl
ac_cv_path_INTLTOOL_UPDATE=/usr/bin/intltool-update
ac_cv_path_MSGFMT=/usr/bin/msgfmt
ac_cv_path_MSGMERGE=/usr/bin/msgmerge
ac_cv_path_SED=/bin/sed
ac_cv_path_XGETTEXT=/usr/bin/xgettext
ac_cv_path_ac_pt_PKG_CONFIG=/usr/bin/pkg-config
ac_cv_path_install='/usr/bin/install -c'
ac_cv_path_mkdir=/bin/mkdir
ac_cv_prog_AWK=mawk
ac_cv_prog_CPP='gcc -E'
ac_cv_prog_CXXCPP='g++ -E'
ac_cv_prog_ac_ct_AR=ar
ac_cv_prog_ac_ct_CC=gcc
ac_cv_prog_ac_ct_CXX=g++
ac_cv_prog_ac_ct_MANIFEST_TOOL=mt
ac_cv_prog_ac_ct_OBJDUMP=objdump
ac_cv_prog_ac_ct_RANLIB=ranlib
ac_cv_prog_ac_ct_STRIP=strip
ac_cv_prog_cc_c89=
ac_cv_prog_cc_g=yes
ac_cv_prog_cxx_g=yes
ac_cv_prog_make_make_set=yes
ac_cv_search_cos=-lm
ac_cv_search_gethostbyname='none required'
ac_cv_search_getmntent='none required'
ac_cv_search_quotacursor_skipidtype=no
ac_cv_search_socket='none required'
ac_cv_sys_file_offset_bits=no
ac_cv_sys_largefile_CC=no
am_cv_CC_dependencies_compiler_type=gcc3
am_cv_CXX_dependencies_compiler_type=gcc3
am_cv_make_support_nested_variables=yes
am_cv_prog_cc_c_o=yes
am_cv_prog_tar_pax=gnutar
am_cv_val_LC_MESSAGES=yes
gt_cv_func_dgettext_libc=yes
gt_cv_func_dgettext_libintl=no
gt_cv_func_ngettext_libc=yes
gt_cv_have_gettext=yes
lt_cv_ar_at_file=@
lt_cv_archive_cmds_need_lc=no
lt_cv_deplibs_check_method=pass_all
lt_cv_file_magic_cmd='$MAGIC_CMD'
lt_cv_file_magic_test_file=
lt_cv_ld_reload_flag=-r
lt_cv_nm_interface='BSD nm'
lt_cv_objdir=.libs
lt_cv_path_LD=/usr/bin/ld
lt_cv_path_LDCXX='/usr/bin/ld -m elf_x86_64'
lt_cv_path_NM='/usr/bin/nm -B'
lt_cv_path_mainfest_tool=no
lt_cv_prog_compiler_c_o=yes
lt_cv_prog_compiler_c_o_CXX=yes
lt_cv_prog_compiler_pic='-fPIC -DPIC'
lt_cv_prog_compiler_pic_CXX='-fPIC -DPIC'
lt_cv_prog_compiler_pic_works=yes
lt_cv_prog_compiler_pic_works_CXX=yes
lt_cv_prog_compiler_rtti_exceptions=no
lt_cv_prog_compiler_static_works=yes
lt_cv_prog_compiler_static_works_CXX=yes
lt_cv_prog_gnu_ld=yes
lt_cv_prog_gnu_ldcxx=yes
lt_cv_sharedlib_from_linklib_cmd='printf %s\n'
lt_cv_shlibpath_overrides_runpath=no
lt_cv_sys_global_symbol_pipe='sed -n -e '\''s/^.*[	 ]\([ABCDGIRSTW][ABCDGIRSTW]*\)[	 ][	 ]*\([_A-Za-z][_A-Za-z0-9]*\)$/\1 \2 \2/p'\'' | sed '\''/ __gnu_lto/d'\'''
lt_cv_sys_global_symbol_to_c_name_address='sed -n -e '\''s/^: \([^ ]*\)[ ]*$/  {\"\1\", (void *) 0},/p'\'' -e '\''s/^[ABCDGIRSTW]* \([^ ]*\) \([^ ]*\)$/  {"\2", (void *) \&\2},/p'\'''
lt_cv_sys_global_symbol_to_c_name_address_lib_prefix='sed -n -e '\''s/^: \([^ ]*\)[ ]*$/  {\"\1\", (void *) 0},/p'\'' -e '\''s/^[ABCDGIRSTW]* \([^ ]*\) \(lib[^ ]*\)$/  {"\2", (void *) \&\2},/p'\'' -e '\''s/^[ABCDGIRSTW]* \([^ ]*\) \([^ ]*\)$/  {"lib\2", (void *) \&\2},/p'\'''
lt_cv_sys_global_symbol_to_cdecl='sed -n -e '\''s/^T .* \(.*\)$/extern int \1();/p'\'' -e '\''s/^[ABCDGIRSTW]* .* \(.*\)$/extern char \1;/p'\'''
lt_cv_sys_max_cmd_len=1572864
lt_cv_to_host_file_cmd=func_convert_file_noop
lt_cv_to_tool_file_cmd=func_convert_file_noop
pkg_cv_LIBCURL_CFLAGS=
pkg_cv_LIBCURL_LIBS='-lcurl '
pkg_cv_LIBEVENT_CFLAGS=
pkg_cv_LIBEVENT_LIBS='-levent '
pkg_cv_OPENSSL_CFLAGS=
pkg_cv_OPENSSL_LIBS='-lssl -lcrypto '
pkg_cv_SYSTEMD_DAEMON_CFLAGS=
pkg_cv_SYSTEMD_DAEMON_LIBS='-lsystemd '
pkg_cv_ZLIB_CFLAGS=
pkg_cv_ZLIB_LIBS='-L/usr/lib/x86_64-linux-gnu -lz '

## ----------------- ##
## Output variables. ##
## ----------------- ##

ACLOCAL='${SHELL} /root/transmission-custom/transmission-2.84+/missing aclocal-1.14'
ALL_LINGUAS=''
AMDEPBACKSLASH='\'
AMDEP_FALSE='#'
AMDEP_TRUE=''
AMTAR='$${TAR-tar}'
AM_BACKSLASH='\'
AM_DEFAULT_V='$(AM_DEFAULT_VERBOSITY)'
AM_DEFAULT_VERBOSITY='0'
AM_V='$(V)'
AR='ar'
AUTOCONF='${SHELL} /root/transmission-custom/transmission-2.84+/missing autoconf'
AUTOHEADER='${SHELL} /root/transmission-custom/transmission-2.84+/missing autoheader'
AUTOMAKE='${SHELL} /root/transmission-custom/transmission-2.84+/missing automake-1.14'
AWK='mawk'
BUILD_B64_FALSE='#'
BUILD_B64_TRUE=''
BUILD_CLI_FALSE='#'
BUILD_CLI_TRUE=''
BUILD_DAEMON_FALSE='#'
BUILD_DAEMON_TRUE=''
BUILD_DHT_FALSE='#'
BUILD_DHT_TRUE=''
BUILD_GTK_FALSE=''
BUILD_GTK_TRUE='#'
BUILD_MAC_FALSE=''
BUILD_MAC_TRUE='#'
BUILD_MINIUPNP_FALSE='#'
BUILD_MINIUPNP_TRUE=''
BUILD_NATPMP_FALSE='#'
BUILD_NATPMP_TRUE=''
BUILD_UTP_FALSE='#'
BUILD_UTP_TRUE=''
CATALOGS=''
CATOBJEXT='.gmo'
CC='gcc'
CCDEPMODE='depmode=gcc3'
CFLAGS='-g -O2 -g -O0 -std=gnu99 -ggdb3 -Wall -W -Wpointer-arith -Wformat-security -Wundef -Wcast-align -Wstrict-prototypes -Wmissing-declarations -Wmissing-format-attribute -Wredundant-decls -Wnested-externs -Wunused-parameter -Wwrite-strings -Winline -Wfloat-equal -Wextra -Winit-self -Wvariadic-macros'
CPP='gcc -E'
CPPFLAGS=''
CRYPTO_CFLAGS=''
CRYPTO_LIBS='-lssl -lcrypto '
CRYPTO_PKG='openssl'
CRYPTO_USE_CYASSL_FALSE=''
CRYPTO_USE_CYASSL_TRUE='#'
CRYPTO_USE_OPENSSL_FALSE='#'
CRYPTO_USE_OPENSSL_TRUE=''
CRYPTO_USE_POLARSSL_FALSE=''
CRYPTO_USE_POLARSSL_TRUE='#'
CURL_MINIMUM='7.15.4'
CXX='g++'
CXXCPP='g++ -E'
CXXDEPMODE='depmode=gcc3'
CXXFLAGS=' -g -O0'
CYASSL_CFLAGS=''
CYASSL_LIBS=''
CYASSL_MINIMUM='3.0'
CYGPATH_W='echo'
DATADIRNAME='share'
DEFS='-DPACKAGE_NAME=\"transmission\" -DPACKAGE_TARNAME=\"transmission\" -DPACKAGE_VERSION=\"2.84+\" -DPACKAGE_STRING=\"transmission\ 2.84+\" -DPACKAGE_BUGREPORT=\"http://trac.transmissionbt.com/newticket\" -DPACKAGE_URL=\"\" -DPACKAGE=\"transmission\" -DVERSION=\"2.84+\" -DSTDC_HEADERS=1 -DHAVE_SYS_TYPES_H=1 -DHAVE_SYS_STAT_H=1 -DHAVE_STDLIB_H=1 -DHAVE_STRING_H=1 -DHAVE_MEMORY_H=1 -DHAVE_STRINGS_H=1 -DHAVE_INTTYPES_H=1 -DHAVE_STDINT_H=1 -DHAVE_UNISTD_H=1 -DHAVE_DLFCN_H=1 -DLT_OBJDIR=\".libs/\" -DSTDC_HEADERS=1 -DTIME_WITH_SYS_TIME=1 -DHAVE_STDBOOL_H=1 -DHAVE_XLOCALE_H=1 -DHAVE_ICONV=1 -DHAVE_PREAD=1 -DHAVE_PWRITE=1 -DHAVE_DAEMON=1 -DHAVE_DIRNAME=1 -DHAVE_BASENAME=1 -DHAVE_CANONICALIZE_FILE_NAME=1 -DHAVE_STRCASECMP=1 -DHAVE_LOCALTIME_R=1 -DHAVE_FALLOCATE64=1 -DHAVE_POSIX_FALLOCATE=1 -DHAVE_MEMMEM=1 -DHAVE_STRSEP=1 -DHAVE_STRTOLD=1 -DHAVE_SYSLOG=1 -DHAVE_VALLOC=1 -DHAVE_GETPAGESIZE=1 -DHAVE_POSIX_MEMALIGN=1 -DHAVE_STATVFS=1 -DHAVE_MKDTEMP=1 -DHAVE_USELOCALE=1 -DHAVE_PTHREAD=1 -DHAVE_GETMNTENT=1 -DHAVE_DECL_POSIX_FADVISE=1 -DHAVE_POSIX_FADVISE=1 -DHAVE_SYS_STATVFS_H=1 -DUSE_SYSTEMD_DAEMON=1 -DWITH_UTP=1 -DHAVE_LIBINTL_H=1 -DGETTEXT_PACKAGE=\"transmission-gtk\" -DHAVE_LOCALE_H=1 -DHAVE_LC_MESSAGES=1 -DHAVE_BIND_TEXTDOMAIN_CODESET=1 -DHAVE_GETTEXT=1 -DHAVE_DCGETTEXT=1 -DENABLE_NLS=1'
DEPDIR='.deps'
DHT_CFLAGS='-I$(top_srcdir)/third-party/dht'
DHT_LIBS='$(top_builddir)/third-party/dht/libdht.a'
DHT_LIBS_QT='$${TRANSMISSION_TOP}/third-party/dht/libdht.a'
DLLTOOL='false'
DSYMUTIL=''
DUMPBIN=''
ECHO_C=''
ECHO_N='-n'
ECHO_T=''
EGREP='/bin/grep -E'
EXEEXT=''
FGREP='/bin/grep -F'
GETTEXT_PACKAGE='transmission-gtk'
GIO_MINIMUM='2.26.0'
GLIB_MINIMUM='2.32.0'
GMOFILES=''
GMSGFMT='/usr/bin/msgfmt'
GREP='/bin/grep'
GTK_CFLAGS=''
GTK_LIBS=''
GTK_MINIMUM='3.4.0'
HAVE_REVISION_FILE_FALSE='#'
HAVE_REVISION_FILE_TRUE=''
INSTALL_DATA='${INSTALL} -m 644'
INSTALL_PROGRAM='${INSTALL}'
INSTALL_SCRIPT='${INSTALL}'
INSTALL_STRIP_PROGRAM='$(install_sh) -c -s'
INSTOBJEXT='.mo'
INTLLIBS=''
INTLTOOL_CAVES_RULE='%.caves:     %.caves.in     $(INTLTOOL_MERGE) $(wildcard $(top_srcdir)/po/*.po) ; $(INTLTOOL_V_MERGE)LC_ALL=C $(INTLTOOL_MERGE) $(INTLTOOL_V_MERGE_OPTIONS) -d -u -c $(top_builddir)/po/.intltool-merge-cache $(top_srcdir)/po $< $@'
INTLTOOL_DESKTOP_RULE='%.desktop:   %.desktop.in   $(INTLTOOL_MERGE) $(wildcard $(top_srcdir)/po/*.po) ; $(INTLTOOL_V_MERGE)LC_ALL=C $(INTLTOOL_MERGE) $(INTLTOOL_V_MERGE_OPTIONS) -d -u -c $(top_builddir)/po/.intltool-merge-cache $(top_srcdir)/po $< $@'
INTLTOOL_DIRECTORY_RULE='%.directory: %.directory.in $(INTLTOOL_MERGE) $(wildcard $(top_srcdir)/po/*.po) ; $(INTLTOOL_V_MERGE)LC_ALL=C $(INTLTOOL_MERGE) $(INTLTOOL_V_MERGE_OPTIONS) -d -u -c $(top_builddir)/po/.intltool-merge-cache $(top_srcdir)/po $< $@'
INTLTOOL_EXTRACT='/usr/bin/intltool-extract'
INTLTOOL_KBD_RULE='%.kbd:       %.kbd.in       $(INTLTOOL_MERGE) $(wildcard $(top_srcdir)/po/*.po) ; $(INTLTOOL_V_MERGE)LC_ALL=C $(INTLTOOL_MERGE) $(INTLTOOL_V_MERGE_OPTIONS) -x -u -m -c $(top_builddir)/po/.intltool-merge-cache $(top_srcdir)/po $< $@'
INTLTOOL_KEYS_RULE='%.keys:      %.keys.in      $(INTLTOOL_MERGE) $(wildcard $(top_srcdir)/po/*.po) ; $(INTLTOOL_V_MERGE)LC_ALL=C $(INTLTOOL_MERGE) $(INTLTOOL_V_MERGE_OPTIONS) -k -u -c $(top_builddir)/po/.intltool-merge-cache $(top_srcdir)/po $< $@'
INTLTOOL_MERGE='/usr/bin/intltool-merge'
INTLTOOL_OAF_RULE='%.oaf:       %.oaf.in       $(INTLTOOL_MERGE) $(wildcard $(top_srcdir)/po/*.po) ; $(INTLTOOL_V_MERGE)LC_ALL=C $(INTLTOOL_MERGE) $(INTLTOOL_V_MERGE_OPTIONS) -o -p $(top_srcdir)/po $< $@'
INTLTOOL_PERL='/usr/bin/perl'
INTLTOOL_POLICY_RULE='%.policy:    %.policy.in    $(INTLTOOL_MERGE) $(wildcard $(top_srcdir)/po/*.po) ; $(INTLTOOL_V_MERGE)LC_ALL=C $(INTLTOOL_MERGE) $(INTLTOOL_V_MERGE_OPTIONS) -x -u -c $(top_builddir)/po/.intltool-merge-cache $(top_srcdir)/po $< $@'
INTLTOOL_PONG_RULE='%.pong:      %.pong.in      $(INTLTOOL_MERGE) $(wildcard $(top_srcdir)/po/*.po) ; $(INTLTOOL_V_MERGE)LC_ALL=C $(INTLTOOL_MERGE) $(INTLTOOL_V_MERGE_OPTIONS) -x -u -c $(top_builddir)/po/.intltool-merge-cache $(top_srcdir)/po $< $@'
INTLTOOL_PROP_RULE='%.prop:      %.prop.in      $(INTLTOOL_MERGE) $(wildcard $(top_srcdir)/po/*.po) ; $(INTLTOOL_V_MERGE)LC_ALL=C $(INTLTOOL_MERGE) $(INTLTOOL_V_MERGE_OPTIONS) -d -u -c $(top_builddir)/po/.intltool-merge-cache $(top_srcdir)/po $< $@'
INTLTOOL_SCHEMAS_RULE='%.schemas:   %.schemas.in   $(INTLTOOL_MERGE) $(wildcard $(top_srcdir)/po/*.po) ; $(INTLTOOL_V_MERGE)LC_ALL=C $(INTLTOOL_MERGE) $(INTLTOOL_V_MERGE_OPTIONS) -s -u -c $(top_builddir)/po/.intltool-merge-cache $(top_srcdir)/po $< $@'
INTLTOOL_SERVER_RULE='%.server:    %.server.in    $(INTLTOOL_MERGE) $(wildcard $(top_srcdir)/po/*.po) ; $(INTLTOOL_V_MERGE)LC_ALL=C $(INTLTOOL_MERGE) $(INTLTOOL_V_MERGE_OPTIONS) -o -u -c $(top_builddir)/po/.intltool-merge-cache $(top_srcdir)/po $< $@'
INTLTOOL_SERVICE_RULE='%.service: %.service.in   $(INTLTOOL_MERGE) $(wildcard $(top_srcdir)/po/*.po) ; $(INTLTOOL_V_MERGE)LC_ALL=C $(INTLTOOL_MERGE) $(INTLTOOL_V_MERGE_OPTIONS) -d -u -c $(top_builddir)/po/.intltool-merge-cache $(top_srcdir)/po $< $@'
INTLTOOL_SHEET_RULE='%.sheet:     %.sheet.in     $(INTLTOOL_MERGE) $(wildcard $(top_srcdir)/po/*.po) ; $(INTLTOOL_V_MERGE)LC_ALL=C $(INTLTOOL_MERGE) $(INTLTOOL_V_MERGE_OPTIONS) -x -u -c $(top_builddir)/po/.intltool-merge-cache $(top_srcdir)/po $< $@'
INTLTOOL_SOUNDLIST_RULE='%.soundlist: %.soundlist.in $(INTLTOOL_MERGE) $(wildcard $(top_srcdir)/po/*.po) ; $(INTLTOOL_V_MERGE)LC_ALL=C $(INTLTOOL_MERGE) $(INTLTOOL_V_MERGE_OPTIONS) -d -u -c $(top_builddir)/po/.intltool-merge-cache $(top_srcdir)/po $< $@'
INTLTOOL_THEME_RULE='%.theme:     %.theme.in     $(INTLTOOL_MERGE) $(wildcard $(top_srcdir)/po/*.po) ; $(INTLTOOL_V_MERGE)LC_ALL=C $(INTLTOOL_MERGE) $(INTLTOOL_V_MERGE_OPTIONS) -d -u -c $(top_builddir)/po/.intltool-merge-cache $(top_srcdir)/po $< $@'
INTLTOOL_UI_RULE='%.ui:        %.ui.in        $(INTLTOOL_MERGE) $(wildcard $(top_srcdir)/po/*.po) ; $(INTLTOOL_V_MERGE)LC_ALL=C $(INTLTOOL_MERGE) $(INTLTOOL_V_MERGE_OPTIONS) -x -u -c $(top_builddir)/po/.intltool-merge-cache $(top_srcdir)/po $< $@'
INTLTOOL_UPDATE='/usr/bin/intltool-update'
INTLTOOL_V_MERGE='$(INTLTOOL__v_MERGE_$(V))'
INTLTOOL_V_MERGE_OPTIONS='$(intltool__v_merge_options_$(V))'
INTLTOOL_XAM_RULE='%.xam:       %.xml.in       $(INTLTOOL_MERGE) $(wildcard $(top_srcdir)/po/*.po) ; $(INTLTOOL_V_MERGE)LC_ALL=C $(INTLTOOL_MERGE) $(INTLTOOL_V_MERGE_OPTIONS) -x -u -c $(top_builddir)/po/.intltool-merge-cache $(top_srcdir)/po $< $@'
INTLTOOL_XML_NOMERGE_RULE='%.xml:       %.xml.in       $(INTLTOOL_MERGE) ; $(INTLTOOL_V_MERGE)LC_ALL=C $(INTLTOOL_MERGE) $(INTLTOOL_V_MERGE_OPTIONS) -x -u --no-translations $< $@'
INTLTOOL_XML_RULE='%.xml:       %.xml.in       $(INTLTOOL_MERGE) $(wildcard $(top_srcdir)/po/*.po) ; $(INTLTOOL_V_MERGE)LC_ALL=C $(INTLTOOL_MERGE) $(INTLTOOL_V_MERGE_OPTIONS) -x -u -c $(top_builddir)/po/.intltool-merge-cache $(top_srcdir)/po $< $@'
INTLTOOL__v_MERGE_0='@echo "  ITMRG " $@;'
INTLTOOL__v_MERGE_='$(INTLTOOL__v_MERGE_$(AM_DEFAULT_VERBOSITY))'
LD='/usr/bin/ld -m elf_x86_64'
LDFLAGS=''
LIBAPPINDICATOR_CFLAGS=''
LIBAPPINDICATOR_LIBS=''
LIBAPPINDICATOR_MINIMUM='0.4.90'
LIBB64_CFLAGS='-I$(top_srcdir)/third-party/libb64'
LIBB64_LIBS='$(top_builddir)/third-party/libb64/libb64.a'
LIBB64_LIBS_QT='$${TRANSMISSION_TOP}/third-party/libb64/libb64.a'
LIBCURL_CFLAGS=''
LIBCURL_LIBS='-lcurl '
LIBEVENT_CFLAGS=''
LIBEVENT_LIBS='-levent '
LIBEVENT_MINIMUM='2.0.10'
LIBM='-lm'
LIBNATPMP_CFLAGS='-I$(top_srcdir)/third-party/libnatpmp/'
LIBNATPMP_LIBS='$(top_builddir)/third-party/libnatpmp/libnatpmp.a'
LIBNATPMP_LIBS_QT='$${TRANSMISSION_TOP}/third-party/libnatpmp/libnatpmp.a'
LIBOBJS=''
LIBS='-lm '
LIBTOOL='$(SHELL) $(top_builddir)/libtool'
LIBUPNP_CFLAGS='-I$(top_srcdir)/third-party/'
LIBUPNP_LIBS='$(top_builddir)/third-party/miniupnp/libminiupnp.a'
LIBUPNP_LIBS_QT='$${TRANSMISSION_TOP}/third-party/miniupnp/libminiupnp.a'
LIBUTP_CFLAGS='-I$(top_srcdir)/third-party/'
LIBUTP_LIBS='$(top_builddir)/third-party/libutp/libutp.a -lrt'
LIBUTP_LIBS_QT='$${TRANSMISSION_TOP}/third-party/libutp/libutp.a -lrt'
LIPO=''
LN_S='ln -s'
LTLIBOBJS=''
MAKEINFO='${SHELL} /root/transmission-custom/transmission-2.84+/missing makeinfo'
MANIFEST_TOOL=':'
MKDIR_P='/bin/mkdir -p'
MKINSTALLDIRS='./mkinstalldirs'
MSGFMT='/usr/bin/msgfmt'
MSGMERGE='/usr/bin/msgmerge'
NM='/usr/bin/nm -B'
NMEDIT=''
OBJDUMP='objdump'
OBJEXT='o'
OPENSSL_CFLAGS=''
OPENSSL_LIBS='-lssl -lcrypto '
OPENSSL_MINIMUM='0.9.7'
OTOOL64=''
OTOOL=''
PACKAGE='transmission'
PACKAGE_BUGREPORT='http://trac.transmissionbt.com/newticket'
PACKAGE_NAME='transmission'
PACKAGE_STRING='transmission 2.84+'
PACKAGE_TARNAME='transmission'
PACKAGE_URL=''
PACKAGE_VERSION='2.84+'
PATH_SEPARATOR=':'
PEERID_PREFIX='-TR284Z-'
PKG_CONFIG='/usr/bin/pkg-config'
POFILES=''
POLARSSL_MINIMUM='0x01020000'
POSUB='po'
PO_IN_DATADIR_FALSE=''
PO_IN_DATADIR_TRUE=''
PTHREAD_CC='gcc'
PTHREAD_CFLAGS='-pthread'
PTHREAD_LIBS=''
RANLIB='ranlib'
SED='/bin/sed'
SET_MAKE=''
SHELL='/bin/sh'
STRIP='strip'
SYSTEMD_DAEMON_CFLAGS=''
SYSTEMD_DAEMON_LIBS='-lsystemd '
TR_UNSTABLE_FALSE='#'
TR_UNSTABLE_TRUE=''
USERAGENT_PREFIX='2.84+'
USE_INOTIFY_FALSE='#'
USE_INOTIFY_TRUE=''
USE_KQUEUE_FALSE=''
USE_KQUEUE_TRUE='#'
USE_NLS='yes'
VERSION='2.84+'
WIN32_FALSE=''
WIN32_TRUE='#'
WINDRES=''
WOLFSSL_CFLAGS=''
WOLFSSL_LIBS=''
XGETTEXT='/usr/bin/xgettext'
ZLIB_CFLAGS=''
ZLIB_LIBS='-L/usr/lib/x86_64-linux-gnu -lz '
ZLIB_MINIMUM='1.2.3'
ac_ct_AR='ar'
ac_ct_CC='gcc'
ac_ct_CXX='g++'
ac_ct_DUMPBIN=''
acx_pthread_config=''
am__EXEEXT_FALSE=''
am__EXEEXT_TRUE='#'
am__fastdepCC_FALSE='#'
am__fastdepCC_TRUE=''
am__fastdepCXX_FALSE='#'
am__fastdepCXX_TRUE=''
am__include='include'
am__isrc=''
am__leading_dot='.'
am__nodep='_no'
am__quote=''
am__tar='tar --format=posix -chf - "$$tardir"'
am__untar='tar -xf -'
bindir='${exec_prefix}/bin'
build='x86_64-unknown-linux-gnu'
build_alias=''
build_cpu='x86_64'
build_os='linux-gnu'
build_vendor='unknown'
datadir='${datarootdir}'
datarootdir='${prefix}/share'
docdir='${datarootdir}/doc/${PACKAGE_TARNAME}'
dvidir='${docdir}'
exec_prefix='${prefix}'
host='x86_64-unknown-linux-gnu'
host_alias=''
host_cpu='x86_64'
host_os='linux-gnu'
host_vendor='unknown'
htmldir='${docdir}'
includedir='${prefix}/include'
infodir='${datarootdir}/info'
install_sh='${SHELL} /root/transmission-custom/transmission-2.84+/install-sh'
intltool__v_merge_options_0='-q'
intltool__v_merge_options_='$(intltool__v_merge_options_$(AM_DEFAULT_VERBOSITY))'
libdir='${exec_prefix}/lib'
libexecdir='${exec_prefix}/libexec'
localedir='${datarootdir}/locale'
localstatedir='${prefix}/var'
mandir='${datarootdir}/man'
mkdir_p='$(MKDIR_P)'
oldincludedir='/usr/include'
pdfdir='${docdir}'
prefix='/usr/local'
program_transform_name='s,x,x,'
psdir='${docdir}'
sbindir='${exec_prefix}/sbin'
sharedstatedir='${prefix}/com'
sysconfdir='${prefix}/etc'
target_alias=''
transmissionlocaledir='${prefix}/${DATADIRNAME}/locale'

## ----------- ##
## confdefs.h. ##
## ----------- ##

/* confdefs.h */
#define PACKAGE_NAME "transmission"
#define PACKAGE_TARNAME "transmission"
#define PACKAGE_VERSION "2.84+"
#define PACKAGE_STRING "transmission 2.84+"
#define PACKAGE_BUGREPORT "http://trac.transmissionbt.com/newticket"
#define PACKAGE_URL ""
#define PACKAGE "transmission"
#define VERSION "2.84+"
#define STDC_HEADERS 1
#define HAVE_SYS_TYPES_H 1
#define HAVE_SYS_STAT_H 1
#define HAVE_STDLIB_H 1
#define HAVE_STRING_H 1
#define HAVE_MEMORY_H 1
#define HAVE_STRINGS_H 1
#define HAVE_INTTYPES_H 1
#define HAVE_STDINT_H 1
#define HAVE_UNISTD_H 1
#define HAVE_DLFCN_H 1
#define LT_OBJDIR ".libs/"
#define STDC_HEADERS 1
#define TIME_WITH_SYS_TIME 1
#define HAVE_STDBOOL_H 1
#define HAVE_XLOCALE_H 1
#define HAVE_ICONV 1
#define HAVE_PREAD 1
#define HAVE_PWRITE 1
#define HAVE_DAEMON 1
#define HAVE_DIRNAME 1
#define HAVE_BASENAME 1
#define HAVE_CANONICALIZE_FILE_NAME 1
#define HAVE_STRCASECMP 1
#define HAVE_LOCALTIME_R 1
#define HAVE_FALLOCATE64 1
#define HAVE_POSIX_FALLOCATE 1
#define HAVE_MEMMEM 1
#define HAVE_STRSEP 1
#define HAVE_STRTOLD 1
#define HAVE_SYSLOG 1
#define HAVE_VALLOC 1
#define HAVE_GETPAGESIZE 1
#define HAVE_POSIX_MEMALIGN 1
#define HAVE_STATVFS 1
#define HAVE_MKDTEMP 1
#define HAVE_USELOCALE 1
#define HAVE_PTHREAD 1
#define HAVE_GETMNTENT 1
#define HAVE_DECL_POSIX_FADVISE 1
#define HAVE_POSIX_FADVISE 1
#define HAVE_SYS_STATVFS_H 1
#define USE_SYSTEMD_DAEMON 1
#define WITH_UTP 1
#define HAVE_LIBINTL_H 1
#define GETTEXT_PACKAGE "transmission-gtk"
#define HAVE_LOCALE_H 1
#define HAVE_LC_MESSAGES 1
#define HAVE_BIND_TEXTDOMAIN_CODESET 1
#define HAVE_GETTEXT 1
#define HAVE_DCGETTEXT 1
#define ENABLE_NLS 1

configure: exit 0
